Using pre-set license
Built from 'trunk' branch; Version is '6000.0.9f1 (1490908003ac) revision 1347728'; Using compiler version '193933523'; Build Type 'Release'
OS: 'Windows 10  (10.0.19045) 64bit Professional' Language: 'tr' Physical Memory: 16225 MB
BatchMode: 1, IsHumanControllingUs: 0, StartBugReporterOnCrash: 0, Is64bit: 1, IsPro: 1

COMMAND LINE ARGUMENTS:
F:\GAME ENGINES\UNITY\Unity Hub\Versions\6000.0.9f1\Editor\Unity.exe
-adb2
-batchMode
-noUpm
-name
AssetImportWorker0
-projectPath
F:/PROJECTS/GITPROJECTS/WHOHASBIGGERCARD/WHOHASBIGGERCARD
-logFile
Logs/AssetImportWorker0.log
-srvPort
57315
-job-worker-count
5
-background-job-worker-count
8
-asset-garbage-collectors
1
Successfully changed project path to: F:/PROJECTS/GITPROJECTS/WHOHASBIGGERCARD/WHOHASBIGGERCARD
F:/PROJECTS/GITPROJECTS/WHOHASBIGGERCARD/WHOHASBIGGERCARD
[UnityMemory] Configuration Parameters - Can be set up in boot.config
    "memorysetup-bucket-allocator-granularity=16"
    "memorysetup-bucket-allocator-bucket-count=8"
    "memorysetup-bucket-allocator-block-size=33554432"
    "memorysetup-bucket-allocator-block-count=8"
    "memorysetup-main-allocator-block-size=16777216"
    "memorysetup-thread-allocator-block-size=16777216"
    "memorysetup-gfx-main-allocator-block-size=16777216"
    "memorysetup-gfx-thread-allocator-block-size=16777216"
    "memorysetup-cache-allocator-block-size=4194304"
    "memorysetup-typetree-allocator-block-size=2097152"
    "memorysetup-profiler-bucket-allocator-granularity=16"
    "memorysetup-profiler-bucket-allocator-bucket-count=8"
    "memorysetup-profiler-bucket-allocator-block-size=33554432"
    "memorysetup-profiler-bucket-allocator-block-count=8"
    "memorysetup-profiler-allocator-block-size=16777216"
    "memorysetup-profiler-editor-allocator-block-size=1048576"
    "memorysetup-temp-allocator-size-main=16777216"
    "memorysetup-job-temp-allocator-block-size=2097152"
    "memorysetup-job-temp-allocator-block-size-background=1048576"
    "memorysetup-job-temp-allocator-reduction-small-platforms=262144"
    "memorysetup-allocator-temp-initial-block-size-main=262144"
    "memorysetup-allocator-temp-initial-block-size-worker=262144"
    "memorysetup-temp-allocator-size-background-worker=32768"
    "memorysetup-temp-allocator-size-job-worker=262144"
    "memorysetup-temp-allocator-size-preload-manager=33554432"
    "memorysetup-temp-allocator-size-nav-mesh-worker=65536"
    "memorysetup-temp-allocator-size-audio-worker=65536"
    "memorysetup-temp-allocator-size-cloud-worker=32768"
    "memorysetup-temp-allocator-size-gi-baking-worker=262144"
    "memorysetup-temp-allocator-size-gi-baking-worker=262144"
    "memorysetup-temp-allocator-size-gi-baking-worker=262144"
    "memorysetup-temp-allocator-size-gi-baking-worker=262144"
    "memorysetup-temp-allocator-size-gi-baking-worker=262144"
    "memorysetup-temp-allocator-size-gfx=262144"
Player connection [19576]  Target information:

Player connection [19576]  * "[IP] 192.168.1.6 [Port] 0 [Flags] 2 [Guid] 2954032399 [EditorId] 2954032399 [Version] 1048832 [Id] WindowsEditor(7,SERKAN-PC) [Debug] 1 [PackageName] WindowsEditor [ProjectName] Editor" 

Player connection [19576]  * "[IP] 192.168.56.1 [Port] 0 [Flags] 2 [Guid] 2954032399 [EditorId] 2954032399 [Version] 1048832 [Id] WindowsEditor(7,SERKAN-PC) [Debug] 1 [PackageName] WindowsEditor [ProjectName] Editor" 

Player connection [19576] Host joined multi-casting on [225.0.0.222:54997]...
Player connection [19576] Host joined alternative multi-casting on [225.0.0.222:34997]...
JobSystem: Creating JobQueue using job-worker-count value 5
Library Redirect Path: Library/
[PhysX] Initialized MultithreadedTaskDispatcher with 6 workers.
Refreshing native plugins compatible for Editor in 4.15 ms, found 4 plugins.
Preloading 0 native plugins for Editor in 0.00 ms.
Initialize engine version: 6000.0.9f1 (1490908003ac)
[Subsystems] Discovering subsystems at path F:/GAME ENGINES/UNITY/Unity Hub/Versions/6000.0.9f1/Editor/Data/Resources/UnitySubsystems
[Subsystems] Discovering subsystems at path F:/PROJECTS/GITPROJECTS/WHOHASBIGGERCARD/WHOHASBIGGERCARD/Assets
GfxDevice: creating device client; kGfxThreadingModeNonThreaded
Direct3D:
    Version:  Direct3D 11.0 [level 11.1]
    Renderer: NVIDIA GeForce RTX 3070 (ID=0x2488)
    Vendor:   NVIDIA
    VRAM:     8018 MB
    Driver:   32.0.15.6070
Initialize mono
Mono path[0] = 'F:/GAME ENGINES/UNITY/Unity Hub/Versions/6000.0.9f1/Editor/Data/Managed'
Mono path[1] = 'F:/GAME ENGINES/UNITY/Unity Hub/Versions/6000.0.9f1/Editor/Data/MonoBleedingEdge/lib/mono/unityjit-win32'
Mono config path = 'F:/GAME ENGINES/UNITY/Unity Hub/Versions/6000.0.9f1/Editor/Data/MonoBleedingEdge/etc'
Using monoOptions --debugger-agent=transport=dt_socket,embedding=1,server=y,suspend=n,address=127.0.0.1:56312
Begin MonoManager ReloadAssembly
Registering precompiled unity dll's ...
Register platform support module: F:/GAME ENGINES/UNITY/Unity Hub/Versions/6000.0.9f1/Editor/Data/PlaybackEngines/WindowsStandaloneSupport/UnityEditor.WindowsStandalone.Extensions.dll
Register platform support module: F:/GAME ENGINES/UNITY/Unity Hub/Versions/6000.0.9f1/Editor/Data/PlaybackEngines/MetroSupport/UnityEditor.UWP.Extensions.dll
Register platform support module: F:/GAME ENGINES/UNITY/Unity Hub/Versions/6000.0.9f1/Editor/Data/PlaybackEngines/AndroidPlayer/UnityEditor.Android.Extensions.dll
Registered in 0.005362 seconds.
- Loaded All Assemblies, in  0.365 seconds
Native extension for Android target not found
Android Extension - Scanning For ADB Devices 229 ms
Native extension for UWP target not found
Native extension for WindowsStandalone target not found
Mono: successfully reloaded assembly
- Finished resetting the current domain, in  0.619 seconds
Domain Reload Profiling: 984ms
	BeginReloadAssembly (141ms)
		ExecutionOrderSort (0ms)
		DisableScriptedObjects (0ms)
		BackupInstance (0ms)
		ReleaseScriptingObjects (0ms)
		CreateAndSetChildDomain (1ms)
	RebuildCommonClasses (30ms)
	RebuildNativeTypeToScriptingClass (10ms)
	initialDomainReloadingComplete (43ms)
	LoadAllAssembliesAndSetupDomain (141ms)
		LoadAssemblies (141ms)
		RebuildTransferFunctionScriptingTraits (0ms)
		AnalyzeDomain (137ms)
			TypeCache.Refresh (136ms)
				TypeCache.ScanAssembly (124ms)
			BuildScriptInfoCaches (0ms)
			ResolveRequiredComponents (0ms)
	FinalizeReload (619ms)
		ReleaseScriptCaches (0ms)
		RebuildScriptCaches (0ms)
		SetupLoadedEditorAssemblies (585ms)
			LogAssemblyErrors (0ms)
			InitializePlatformSupportModulesInManaged (332ms)
			SetLoadedEditorAssemblies (3ms)
			BeforeProcessingInitializeOnLoad (5ms)
			ProcessInitializeOnLoadAttributes (105ms)
			ProcessInitializeOnLoadMethodAttributes (140ms)
			AfterProcessingInitializeOnLoad (0ms)
			EditorAssembliesLoaded (0ms)
		ExecutionOrderSort2 (0ms)
		AwakeInstancesAfterBackupRestoration (0ms)
========================================================================
Worker process is ready to serve import requests
Import Worker Mode flag is 0x00
Begin MonoManager ReloadAssembly
- Loaded All Assemblies, in  0.888 seconds
Refreshing native plugins compatible for Editor in 2.22 ms, found 4 plugins.
Native extension for Android target not found
Native extension for UWP target not found
Native extension for WindowsStandalone target not found
Mono: successfully reloaded assembly
Package Manager log level set to [2]
[Package Manager] Failed to launch server process. Reason: Unity was launched with the -noUpm command-line argument
[Package Manager] Unable to send message (not connected to server process).
[Package Manager] Cannot connect to Unity Package Manager local server
[Package Manager] Failed to launch server process. Reason: Unity was launched with the -noUpm command-line argument
[Package Manager] Unable to send message (not connected to server process).
[Package Manager] Cannot connect to Unity Package Manager local server
- Finished resetting the current domain, in  0.734 seconds
Domain Reload Profiling: 1620ms
	BeginReloadAssembly (371ms)
		ExecutionOrderSort (0ms)
		DisableScriptedObjects (4ms)
		BackupInstance (0ms)
		ReleaseScriptingObjects (0ms)
		CreateAndSetChildDomain (27ms)
	RebuildCommonClasses (30ms)
	RebuildNativeTypeToScriptingClass (15ms)
	initialDomainReloadingComplete (30ms)
	LoadAllAssembliesAndSetupDomain (440ms)
		LoadAssemblies (339ms)
		RebuildTransferFunctionScriptingTraits (0ms)
		AnalyzeDomain (209ms)
			TypeCache.Refresh (154ms)
				TypeCache.ScanAssembly (136ms)
			BuildScriptInfoCaches (47ms)
			ResolveRequiredComponents (4ms)
	FinalizeReload (734ms)
		ReleaseScriptCaches (0ms)
		RebuildScriptCaches (0ms)
		SetupLoadedEditorAssemblies (543ms)
			LogAssemblyErrors (0ms)
			InitializePlatformSupportModulesInManaged (16ms)
			SetLoadedEditorAssemblies (3ms)
			BeforeProcessingInitializeOnLoad (43ms)
			ProcessInitializeOnLoadAttributes (316ms)
			ProcessInitializeOnLoadMethodAttributes (164ms)
			AfterProcessingInitializeOnLoad (2ms)
			EditorAssembliesLoaded (0ms)
		ExecutionOrderSort2 (0ms)
		AwakeInstancesAfterBackupRestoration (5ms)
Launched and connected shader compiler UnityShaderCompiler.exe after 0.01 seconds
Refreshing native plugins compatible for Editor in 4.16 ms, found 4 plugins.
Preloading 0 native plugins for Editor in 0.00 ms.
Unloading 15 Unused Serialized files (Serialized files now loaded: 0)
Unloading 4968 unused Assets / (0.8 MB). Loaded Objects now: 5547.
Memory consumption went from 118.7 MB to 117.9 MB.
Total: 10.054300 ms (FindLiveObjects: 0.483300 ms CreateObjectMapping: 0.600400 ms MarkObjects: 7.308500 ms  DeleteObjects: 1.660700 ms)

========================================================================
Received Import Request.
  Time since last request: 12792.887686 seconds.
  path: Assets/InputSystem_Actions.inputactions
  artifactKey: Guid(abfc50568cd094ab2a57f0b3510d3384) Importer(815301076,1909f56bfc062723c751e8b465ee728b)
Start importing Assets/InputSystem_Actions.inputactions using Guid(abfc50568cd094ab2a57f0b3510d3384) Importer(815301076,1909f56bfc062723c751e8b465ee728b) (PreviewImporter)[PhysX] Initialized MultithreadedTaskDispatcher with 6 workers.
 -> (artifact id: '6dcdcf63c91ef99fa47bd5cea8df016e') in 0.0253792 seconds
Number of updated asset objects reloaded before import = 0Number of asset objects unloaded after import = 19

========================================================================
Received Prepare
Begin MonoManager ReloadAssembly
- Loaded All Assemblies, in  0.659 seconds
Refreshing native plugins compatible for Editor in 2.10 ms, found 4 plugins.
Native extension for Android target not found
Native extension for UWP target not found
Native extension for WindowsStandalone target not found
Mono: successfully reloaded assembly
[Package Manager] Failed to launch server process. Reason: Unity was launched with the -noUpm command-line argument
[Package Manager] Unable to send message (not connected to server process).
[Package Manager] Cannot connect to Unity Package Manager local server
- Finished resetting the current domain, in  0.629 seconds
Domain Reload Profiling: 1289ms
	BeginReloadAssembly (172ms)
		ExecutionOrderSort (0ms)
		DisableScriptedObjects (10ms)
		BackupInstance (0ms)
		ReleaseScriptingObjects (0ms)
		CreateAndSetChildDomain (37ms)
	RebuildCommonClasses (28ms)
	RebuildNativeTypeToScriptingClass (10ms)
	initialDomainReloadingComplete (20ms)
	LoadAllAssembliesAndSetupDomain (429ms)
		LoadAssemblies (355ms)
		RebuildTransferFunctionScriptingTraits (0ms)
		AnalyzeDomain (169ms)
			TypeCache.Refresh (72ms)
				TypeCache.ScanAssembly (62ms)
			BuildScriptInfoCaches (91ms)
			ResolveRequiredComponents (4ms)
	FinalizeReload (629ms)
		ReleaseScriptCaches (0ms)
		RebuildScriptCaches (0ms)
		SetupLoadedEditorAssemblies (444ms)
			LogAssemblyErrors (0ms)
			InitializePlatformSupportModulesInManaged (15ms)
			SetLoadedEditorAssemblies (3ms)
			BeforeProcessingInitializeOnLoad (36ms)
			ProcessInitializeOnLoadAttributes (241ms)
			ProcessInitializeOnLoadMethodAttributes (147ms)
			AfterProcessingInitializeOnLoad (1ms)
			EditorAssembliesLoaded (0ms)
		ExecutionOrderSort2 (0ms)
		AwakeInstancesAfterBackupRestoration (5ms)
Shader 'TextMeshPro/Distance Field Overlay': fallback shader 'TextMeshPro/Mobile/Distance Field' not found
Shader 'TextMeshPro/Distance Field SSD': fallback shader 'TextMeshPro/Mobile/Distance Field' not found
Shader 'TextMeshPro/Distance Field': fallback shader 'TextMeshPro/Mobile/Distance Field' not found
Refreshing native plugins compatible for Editor in 2.57 ms, found 4 plugins.
Preloading 0 native plugins for Editor in 0.00 ms.
Unloading 13 Unused Serialized files (Serialized files now loaded: 0)
Unloading 4999 unused Assets / (2.1 MB). Loaded Objects now: 5576.
Memory consumption went from 120.3 MB to 118.2 MB.
Total: 7.240600 ms (FindLiveObjects: 0.393400 ms CreateObjectMapping: 0.313900 ms MarkObjects: 4.813300 ms  DeleteObjects: 1.718900 ms)

Prepare: number of updated asset objects reloaded= 0
========================================================================
Received Import Request.
  Time since last request: 69.682136 seconds.
  path: Assets/app-store.png
  artifactKey: Guid(5cc2aba3a41e0344aaaa57e2b7b7b987) Importer(815301076,1909f56bfc062723c751e8b465ee728b)
Start importing Assets/app-store.png using Guid(5cc2aba3a41e0344aaaa57e2b7b7b987) Importer(815301076,1909f56bfc062723c751e8b465ee728b) (PreviewImporter)[PhysX] Initialized MultithreadedTaskDispatcher with 6 workers.
[PhysX] Initialized MultithreadedTaskDispatcher with 6 workers.
 -> (artifact id: 'fc3da924858fd4adafb1b2d0e5f7ab08') in 0.0948322 seconds
Number of updated asset objects reloaded before import = 0Number of asset objects unloaded after import = 3

========================================================================
Received Import Request.
  Time since last request: 0.000017 seconds.
  path: Assets/CardPrefab.prefab
  artifactKey: Guid(63d85a67431e09f44a8fa253a093d203) Importer(815301076,1909f56bfc062723c751e8b465ee728b)
Start importing Assets/CardPrefab.prefab using Guid(63d85a67431e09f44a8fa253a093d203) Importer(815301076,1909f56bfc062723c751e8b465ee728b) (PreviewImporter)[PhysX] Initialized MultithreadedTaskDispatcher with 6 workers.
 -> (artifact id: '8b8fc507d910a84a35321e1d0ea7c1c6') in 0.1259818 seconds
Number of updated asset objects reloaded before import = 0Number of asset objects unloaded after import = 23

========================================================================
Received Import Request.
  Time since last request: 0.000020 seconds.
  path: Assets/Icon_Battle.Png
  artifactKey: Guid(3b34c8fb8861e174db207f2bca8a9aa5) Importer(815301076,1909f56bfc062723c751e8b465ee728b)
Start importing Assets/Icon_Battle.Png using Guid(3b34c8fb8861e174db207f2bca8a9aa5) Importer(815301076,1909f56bfc062723c751e8b465ee728b) (PreviewImporter)[PhysX] Initialized MultithreadedTaskDispatcher with 6 workers.
[PhysX] Initialized MultithreadedTaskDispatcher with 6 workers.
 -> (artifact id: 'cbbacc39e3186cd45d32b2ff8733045b') in 0.0186965 seconds
Number of updated asset objects reloaded before import = 0Number of asset objects unloaded after import = 3

========================================================================
Received Import Request.
  Time since last request: 0.000014 seconds.
  path: Assets/Frame_ListFrame12_Yellow.png
  artifactKey: Guid(bbd11d73979533e43a470e9c4d6e07bf) Importer(815301076,1909f56bfc062723c751e8b465ee728b)
Start importing Assets/Frame_ListFrame12_Yellow.png using Guid(bbd11d73979533e43a470e9c4d6e07bf) Importer(815301076,1909f56bfc062723c751e8b465ee728b) (PreviewImporter)[PhysX] Initialized MultithreadedTaskDispatcher with 6 workers.
[PhysX] Initialized MultithreadedTaskDispatcher with 6 workers.
 -> (artifact id: '19432d6e041c789ed6f5baeef9ee9bf6') in 0.0386683 seconds
Number of updated asset objects reloaded before import = 0Number of asset objects unloaded after import = 3

========================================================================
Received Import Request.
  Time since last request: 0.000016 seconds.
  path: Assets/CardSprite.png
  artifactKey: Guid(7bb98dac6a299a54da6a9263fd44a1ed) Importer(815301076,1909f56bfc062723c751e8b465ee728b)
Start importing Assets/CardSprite.png using Guid(7bb98dac6a299a54da6a9263fd44a1ed) Importer(815301076,1909f56bfc062723c751e8b465ee728b) (PreviewImporter)[PhysX] Initialized MultithreadedTaskDispatcher with 6 workers.
[PhysX] Initialized MultithreadedTaskDispatcher with 6 workers.
 -> (artifact id: '2237b78673b665ac82e28585aab4ee96') in 0.0199272 seconds
Number of updated asset objects reloaded before import = 0Number of asset objects unloaded after import = 3

========================================================================
Received Prepare
Begin MonoManager ReloadAssembly
- Loaded All Assemblies, in  0.788 seconds
Refreshing native plugins compatible for Editor in 2.26 ms, found 4 plugins.
Assertion failed on expression: 'pred(*previous, *i)'
0x00007fffb9e65e6d (Unity) StackWalker::ShowCallstack
0x00007fffb9e75dc9 (Unity) PlatformStacktrace::GetStacktrace
0x00007fffbb0d823e (Unity) Stacktrace::GetStacktrace
0x00007fffbb67f7ff (Unity) DebugStringToFile
0x00007fffbb67f3ba (Unity) AssertImplementation
0x00007fffb9d17c93 (Unity) MonoScriptManager::CollectGarbageIn
0x00007fffb9d17948 (Unity) MonoScriptManager::CollectGarbage
0x00007fffb9d50c78 (Unity) MonoManager::FinalizeReload
0x00007fffbb27cd15 (Unity) ScriptingInitializer::FinalizeReload
0x00007fffbb2cc42f (Unity) AssetImportWorkerClient::ReloadScriptingDomain
0x00007fffbb2a5ffc (Unity) <lambda_94302c41bc55323db1fed16712a08587>::operator()
0x00007fffbb389c0e (Unity) asio::detail::completion_handler<core::mutable_function<void __cdecl(void)>,asio::io_context::basic_executor_type<std::allocator<void>,0> >::do_complete
0x00007fffbb37749a (Unity) asio::detail::win_iocp_io_context::do_one
0x00007fffbb378804 (Unity) asio::detail::win_iocp_io_context::run
0x00007fffbb38822c (Unity) IOService::Run
0x00007fffbb2d0216 (Unity) RunAssetImportWorkerClientV2
0x00007fffbb2d02db (Unity) RunAssetImporterV2
0x00007fffbaad500a (Unity) Application::InitializeProject
0x00007fffbb0e2615 (Unity) UnityMain
0x00007ff733c62fba (Unity) __scrt_common_main_seh
0x00007ff843f47374 (KERNEL32) BaseThreadInitThunk
0x00007ff84547cc91 (ntdll) RtlUserThreadStart

Assertion failed on expression: 'pred(*previous, *i)'
0x00007fffb9e65e6d (Unity) StackWalker::ShowCallstack
0x00007fffb9e75dc9 (Unity) PlatformStacktrace::GetStacktrace
0x00007fffbb0d823e (Unity) Stacktrace::GetStacktrace
0x00007fffbb67f7ff (Unity) DebugStringToFile
0x00007fffbb67f3ba (Unity) AssertImplementation
0x00007fffb9d17c93 (Unity) MonoScriptManager::CollectGarbageIn
0x00007fffb9d17948 (Unity) MonoScriptManager::CollectGarbage
0x00007fffb9d50c78 (Unity) MonoManager::FinalizeReload
0x00007fffbb27cd15 (Unity) ScriptingInitializer::FinalizeReload
0x00007fffbb2cc42f (Unity) AssetImportWorkerClient::ReloadScriptingDomain
0x00007fffbb2a5ffc (Unity) <lambda_94302c41bc55323db1fed16712a08587>::operator()
0x00007fffbb389c0e (Unity) asio::detail::completion_handler<core::mutable_function<void __cdecl(void)>,asio::io_context::basic_executor_type<std::allocator<void>,0> >::do_complete
0x00007fffbb37749a (Unity) asio::detail::win_iocp_io_context::do_one
0x00007fffbb378804 (Unity) asio::detail::win_iocp_io_context::run
0x00007fffbb38822c (Unity) IOService::Run
0x00007fffbb2d0216 (Unity) RunAssetImportWorkerClientV2
0x00007fffbb2d02db (Unity) RunAssetImporterV2
0x00007fffbaad500a (Unity) Application::InitializeProject
0x00007fffbb0e2615 (Unity) UnityMain
0x00007ff733c62fba (Unity) __scrt_common_main_seh
0x00007ff843f47374 (KERNEL32) BaseThreadInitThunk
0x00007ff84547cc91 (ntdll) RtlUserThreadStart

Assertion failed on expression: 'pred(*previous, *i)'
0x00007fffb9e65e6d (Unity) StackWalker::ShowCallstack
0x00007fffb9e75dc9 (Unity) PlatformStacktrace::GetStacktrace
0x00007fffbb0d823e (Unity) Stacktrace::GetStacktrace
0x00007fffbb67f7ff (Unity) DebugStringToFile
0x00007fffbb67f3ba (Unity) AssertImplementation
0x00007fffb9d17c93 (Unity) MonoScriptManager::CollectGarbageIn
0x00007fffb9d17948 (Unity) MonoScriptManager::CollectGarbage
0x00007fffb9d50c78 (Unity) MonoManager::FinalizeReload
0x00007fffbb27cd15 (Unity) ScriptingInitializer::FinalizeReload
0x00007fffbb2cc42f (Unity) AssetImportWorkerClient::ReloadScriptingDomain
0x00007fffbb2a5ffc (Unity) <lambda_94302c41bc55323db1fed16712a08587>::operator()
0x00007fffbb389c0e (Unity) asio::detail::completion_handler<core::mutable_function<void __cdecl(void)>,asio::io_context::basic_executor_type<std::allocator<void>,0> >::do_complete
0x00007fffbb37749a (Unity) asio::detail::win_iocp_io_context::do_one
0x00007fffbb378804 (Unity) asio::detail::win_iocp_io_context::run
0x00007fffbb38822c (Unity) IOService::Run
0x00007fffbb2d0216 (Unity) RunAssetImportWorkerClientV2
0x00007fffbb2d02db (Unity) RunAssetImporterV2
0x00007fffbaad500a (Unity) Application::InitializeProject
0x00007fffbb0e2615 (Unity) UnityMain
0x00007ff733c62fba (Unity) __scrt_common_main_seh
0x00007ff843f47374 (KERNEL32) BaseThreadInitThunk
0x00007ff84547cc91 (ntdll) RtlUserThreadStart

Assertion failed on expression: 'pred(*previous, *i)'
0x00007fffb9e65e6d (Unity) StackWalker::ShowCallstack
0x00007fffb9e75dc9 (Unity) PlatformStacktrace::GetStacktrace
0x00007fffbb0d823e (Unity) Stacktrace::GetStacktrace
0x00007fffbb67f7ff (Unity) DebugStringToFile
0x00007fffbb67f3ba (Unity) AssertImplementation
0x00007fffb9d17c93 (Unity) MonoScriptManager::CollectGarbageIn
0x00007fffb9d17948 (Unity) MonoScriptManager::CollectGarbage
0x00007fffb9d50c78 (Unity) MonoManager::FinalizeReload
0x00007fffbb27cd15 (Unity) ScriptingInitializer::FinalizeReload
0x00007fffbb2cc42f (Unity) AssetImportWorkerClient::ReloadScriptingDomain
0x00007fffbb2a5ffc (Unity) <lambda_94302c41bc55323db1fed16712a08587>::operator()
0x00007fffbb389c0e (Unity) asio::detail::completion_handler<core::mutable_function<void __cdecl(void)>,asio::io_context::basic_executor_type<std::allocator<void>,0> >::do_complete
0x00007fffbb37749a (Unity) asio::detail::win_iocp_io_context::do_one
0x00007fffbb378804 (Unity) asio::detail::win_iocp_io_context::run
0x00007fffbb38822c (Unity) IOService::Run
0x00007fffbb2d0216 (Unity) RunAssetImportWorkerClientV2
0x00007fffbb2d02db (Unity) RunAssetImporterV2
0x00007fffbaad500a (Unity) Application::InitializeProject
0x00007fffbb0e2615 (Unity) UnityMain
0x00007ff733c62fba (Unity) __scrt_common_main_seh
0x00007ff843f47374 (KERNEL32) BaseThreadInitThunk
0x00007ff84547cc91 (ntdll) RtlUserThreadStart

Assertion failed on expression: 'pred(*previous, *i)'
0x00007fffb9e65e6d (Unity) StackWalker::ShowCallstack
0x00007fffb9e75dc9 (Unity) PlatformStacktrace::GetStacktrace
0x00007fffbb0d823e (Unity) Stacktrace::GetStacktrace
0x00007fffbb67f7ff (Unity) DebugStringToFile
0x00007fffbb67f3ba (Unity) AssertImplementation
0x00007fffb9d17c93 (Unity) MonoScriptManager::CollectGarbageIn
0x00007fffb9d17948 (Unity) MonoScriptManager::CollectGarbage
0x00007fffb9d50c78 (Unity) MonoManager::FinalizeReload
0x00007fffbb27cd15 (Unity) ScriptingInitializer::FinalizeReload
0x00007fffbb2cc42f (Unity) AssetImportWorkerClient::ReloadScriptingDomain
0x00007fffbb2a5ffc (Unity) <lambda_94302c41bc55323db1fed16712a08587>::operator()
0x00007fffbb389c0e (Unity) asio::detail::completion_handler<core::mutable_function<void __cdecl(void)>,asio::io_context::basic_executor_type<std::allocator<void>,0> >::do_complete
0x00007fffbb37749a (Unity) asio::detail::win_iocp_io_context::do_one
0x00007fffbb378804 (Unity) asio::detail::win_iocp_io_context::run
0x00007fffbb38822c (Unity) IOService::Run
0x00007fffbb2d0216 (Unity) RunAssetImportWorkerClientV2
0x00007fffbb2d02db (Unity) RunAssetImporterV2
0x00007fffbaad500a (Unity) Application::InitializeProject
0x00007fffbb0e2615 (Unity) UnityMain
0x00007ff733c62fba (Unity) __scrt_common_main_seh
0x00007ff843f47374 (KERNEL32) BaseThreadInitThunk
0x00007ff84547cc91 (ntdll) RtlUserThreadStart

Assertion failed on expression: 'pred(*previous, *i)'
0x00007fffb9e65e6d (Unity) StackWalker::ShowCallstack
0x00007fffb9e75dc9 (Unity) PlatformStacktrace::GetStacktrace
0x00007fffbb0d823e (Unity) Stacktrace::GetStacktrace
0x00007fffbb67f7ff (Unity) DebugStringToFile
0x00007fffbb67f3ba (Unity) AssertImplementation
0x00007fffb9d17c93 (Unity) MonoScriptManager::CollectGarbageIn
0x00007fffb9d17948 (Unity) MonoScriptManager::CollectGarbage
0x00007fffb9d50c78 (Unity) MonoManager::FinalizeReload
0x00007fffbb27cd15 (Unity) ScriptingInitializer::FinalizeReload
0x00007fffbb2cc42f (Unity) AssetImportWorkerClient::ReloadScriptingDomain
0x00007fffbb2a5ffc (Unity) <lambda_94302c41bc55323db1fed16712a08587>::operator()
0x00007fffbb389c0e (Unity) asio::detail::completion_handler<core::mutable_function<void __cdecl(void)>,asio::io_context::basic_executor_type<std::allocator<void>,0> >::do_complete
0x00007fffbb37749a (Unity) asio::detail::win_iocp_io_context::do_one
0x00007fffbb378804 (Unity) asio::detail::win_iocp_io_context::run
0x00007fffbb38822c (Unity) IOService::Run
0x00007fffbb2d0216 (Unity) RunAssetImportWorkerClientV2
0x00007fffbb2d02db (Unity) RunAssetImporterV2
0x00007fffbaad500a (Unity) Application::InitializeProject
0x00007fffbb0e2615 (Unity) UnityMain
0x00007ff733c62fba (Unity) __scrt_common_main_seh
0x00007ff843f47374 (KERNEL32) BaseThreadInitThunk
0x00007ff84547cc91 (ntdll) RtlUserThreadStart

Assertion failed on expression: 'pred(*previous, *i)'
0x00007fffb9e65e6d (Unity) StackWalker::ShowCallstack
0x00007fffb9e75dc9 (Unity) PlatformStacktrace::GetStacktrace
0x00007fffbb0d823e (Unity) Stacktrace::GetStacktrace
0x00007fffbb67f7ff (Unity) DebugStringToFile
0x00007fffbb67f3ba (Unity) AssertImplementation
0x00007fffb9d17c93 (Unity) MonoScriptManager::CollectGarbageIn
0x00007fffb9d17948 (Unity) MonoScriptManager::CollectGarbage
0x00007fffb9d50c78 (Unity) MonoManager::FinalizeReload
0x00007fffbb27cd15 (Unity) ScriptingInitializer::FinalizeReload
0x00007fffbb2cc42f (Unity) AssetImportWorkerClient::ReloadScriptingDomain
0x00007fffbb2a5ffc (Unity) <lambda_94302c41bc55323db1fed16712a08587>::operator()
0x00007fffbb389c0e (Unity) asio::detail::completion_handler<core::mutable_function<void __cdecl(void)>,asio::io_context::basic_executor_type<std::allocator<void>,0> >::do_complete
0x00007fffbb37749a (Unity) asio::detail::win_iocp_io_context::do_one
0x00007fffbb378804 (Unity) asio::detail::win_iocp_io_context::run
0x00007fffbb38822c (Unity) IOService::Run
0x00007fffbb2d0216 (Unity) RunAssetImportWorkerClientV2
0x00007fffbb2d02db (Unity) RunAssetImporterV2
0x00007fffbaad500a (Unity) Application::InitializeProject
0x00007fffbb0e2615 (Unity) UnityMain
0x00007ff733c62fba (Unity) __scrt_common_main_seh
0x00007ff843f47374 (KERNEL32) BaseThreadInitThunk
0x00007ff84547cc91 (ntdll) RtlUserThreadStart

Assertion failed on expression: 'pred(*previous, *i)'
0x00007fffb9e65e6d (Unity) StackWalker::ShowCallstack
0x00007fffb9e75dc9 (Unity) PlatformStacktrace::GetStacktrace
0x00007fffbb0d823e (Unity) Stacktrace::GetStacktrace
0x00007fffbb67f7ff (Unity) DebugStringToFile
0x00007fffbb67f3ba (Unity) AssertImplementation
0x00007fffb9d17c93 (Unity) MonoScriptManager::CollectGarbageIn
0x00007fffb9d17948 (Unity) MonoScriptManager::CollectGarbage
0x00007fffb9d50c78 (Unity) MonoManager::FinalizeReload
0x00007fffbb27cd15 (Unity) ScriptingInitializer::FinalizeReload
0x00007fffbb2cc42f (Unity) AssetImportWorkerClient::ReloadScriptingDomain
0x00007fffbb2a5ffc (Unity) <lambda_94302c41bc55323db1fed16712a08587>::operator()
0x00007fffbb389c0e (Unity) asio::detail::completion_handler<core::mutable_function<void __cdecl(void)>,asio::io_context::basic_executor_type<std::allocator<void>,0> >::do_complete
0x00007fffbb37749a (Unity) asio::detail::win_iocp_io_context::do_one
0x00007fffbb378804 (Unity) asio::detail::win_iocp_io_context::run
0x00007fffbb38822c (Unity) IOService::Run
0x00007fffbb2d0216 (Unity) RunAssetImportWorkerClientV2
0x00007fffbb2d02db (Unity) RunAssetImporterV2
0x00007fffbaad500a (Unity) Application::InitializeProject
0x00007fffbb0e2615 (Unity) UnityMain
0x00007ff733c62fba (Unity) __scrt_common_main_seh
0x00007ff843f47374 (KERNEL32) BaseThreadInitThunk
0x00007ff84547cc91 (ntdll) RtlUserThreadStart

Assertion failed on expression: 'pred(*previous, *i)'
0x00007fffb9e65e6d (Unity) StackWalker::ShowCallstack
0x00007fffb9e75dc9 (Unity) PlatformStacktrace::GetStacktrace
0x00007fffbb0d823e (Unity) Stacktrace::GetStacktrace
0x00007fffbb67f7ff (Unity) DebugStringToFile
0x00007fffbb67f3ba (Unity) AssertImplementation
0x00007fffb9d17c93 (Unity) MonoScriptManager::CollectGarbageIn
0x00007fffb9d17948 (Unity) MonoScriptManager::CollectGarbage
0x00007fffb9d50c78 (Unity) MonoManager::FinalizeReload
0x00007fffbb27cd15 (Unity) ScriptingInitializer::FinalizeReload
0x00007fffbb2cc42f (Unity) AssetImportWorkerClient::ReloadScriptingDomain
0x00007fffbb2a5ffc (Unity) <lambda_94302c41bc55323db1fed16712a08587>::operator()
0x00007fffbb389c0e (Unity) asio::detail::completion_handler<core::mutable_function<void __cdecl(void)>,asio::io_context::basic_executor_type<std::allocator<void>,0> >::do_complete
0x00007fffbb37749a (Unity) asio::detail::win_iocp_io_context::do_one
0x00007fffbb378804 (Unity) asio::detail::win_iocp_io_context::run
0x00007fffbb38822c (Unity) IOService::Run
0x00007fffbb2d0216 (Unity) RunAssetImportWorkerClientV2
0x00007fffbb2d02db (Unity) RunAssetImporterV2
0x00007fffbaad500a (Unity) Application::InitializeProject
0x00007fffbb0e2615 (Unity) UnityMain
0x00007ff733c62fba (Unity) __scrt_common_main_seh
0x00007ff843f47374 (KERNEL32) BaseThreadInitThunk
0x00007ff84547cc91 (ntdll) RtlUserThreadStart

Assertion failed on expression: 'pred(*previous, *i)'
0x00007fffb9e65e6d (Unity) StackWalker::ShowCallstack
0x00007fffb9e75dc9 (Unity) PlatformStacktrace::GetStacktrace
0x00007fffbb0d823e (Unity) Stacktrace::GetStacktrace
0x00007fffbb67f7ff (Unity) DebugStringToFile
0x00007fffbb67f3ba (Unity) AssertImplementation
0x00007fffb9d17c93 (Unity) MonoScriptManager::CollectGarbageIn
0x00007fffb9d17948 (Unity) MonoScriptManager::CollectGarbage
0x00007fffb9d50c78 (Unity) MonoManager::FinalizeReload
0x00007fffbb27cd15 (Unity) ScriptingInitializer::FinalizeReload
0x00007fffbb2cc42f (Unity) AssetImportWorkerClient::ReloadScriptingDomain
0x00007fffbb2a5ffc (Unity) <lambda_94302c41bc55323db1fed16712a08587>::operator()
0x00007fffbb389c0e (Unity) asio::detail::completion_handler<core::mutable_function<void __cdecl(void)>,asio::io_context::basic_executor_type<std::allocator<void>,0> >::do_complete
0x00007fffbb37749a (Unity) asio::detail::win_iocp_io_context::do_one
0x00007fffbb378804 (Unity) asio::detail::win_iocp_io_context::run
0x00007fffbb38822c (Unity) IOService::Run
0x00007fffbb2d0216 (Unity) RunAssetImportWorkerClientV2
0x00007fffbb2d02db (Unity) RunAssetImporterV2
0x00007fffbaad500a (Unity) Application::InitializeProject
0x00007fffbb0e2615 (Unity) UnityMain
0x00007ff733c62fba (Unity) __scrt_common_main_seh
0x00007ff843f47374 (KERNEL32) BaseThreadInitThunk
0x00007ff84547cc91 (ntdll) RtlUserThreadStart

Assertion failed on expression: 'pred(*previous, *i)'
0x00007fffb9e65e6d (Unity) StackWalker::ShowCallstack
0x00007fffb9e75dc9 (Unity) PlatformStacktrace::GetStacktrace
0x00007fffbb0d823e (Unity) Stacktrace::GetStacktrace
0x00007fffbb67f7ff (Unity) DebugStringToFile
0x00007fffbb67f3ba (Unity) AssertImplementation
0x00007fffb9d17c93 (Unity) MonoScriptManager::CollectGarbageIn
0x00007fffb9d17948 (Unity) MonoScriptManager::CollectGarbage
0x00007fffb9d50c78 (Unity) MonoManager::FinalizeReload
0x00007fffbb27cd15 (Unity) ScriptingInitializer::FinalizeReload
0x00007fffbb2cc42f (Unity) AssetImportWorkerClient::ReloadScriptingDomain
0x00007fffbb2a5ffc (Unity) <lambda_94302c41bc55323db1fed16712a08587>::operator()
0x00007fffbb389c0e (Unity) asio::detail::completion_handler<core::mutable_function<void __cdecl(void)>,asio::io_context::basic_executor_type<std::allocator<void>,0> >::do_complete
0x00007fffbb37749a (Unity) asio::detail::win_iocp_io_context::do_one
0x00007fffbb378804 (Unity) asio::detail::win_iocp_io_context::run
0x00007fffbb38822c (Unity) IOService::Run
0x00007fffbb2d0216 (Unity) RunAssetImportWorkerClientV2
0x00007fffbb2d02db (Unity) RunAssetImporterV2
0x00007fffbaad500a (Unity) Application::InitializeProject
0x00007fffbb0e2615 (Unity) UnityMain
0x00007ff733c62fba (Unity) __scrt_common_main_seh
0x00007ff843f47374 (KERNEL32) BaseThreadInitThunk
0x00007ff84547cc91 (ntdll) RtlUserThreadStart

Assertion failed on expression: 'pred(*previous, *i)'
0x00007fffb9e65e6d (Unity) StackWalker::ShowCallstack
0x00007fffb9e75dc9 (Unity) PlatformStacktrace::GetStacktrace
0x00007fffbb0d823e (Unity) Stacktrace::GetStacktrace
0x00007fffbb67f7ff (Unity) DebugStringToFile
0x00007fffbb67f3ba (Unity) AssertImplementation
0x00007fffb9d17c93 (Unity) MonoScriptManager::CollectGarbageIn
0x00007fffb9d17948 (Unity) MonoScriptManager::CollectGarbage
0x00007fffb9d50c78 (Unity) MonoManager::FinalizeReload
0x00007fffbb27cd15 (Unity) ScriptingInitializer::FinalizeReload
0x00007fffbb2cc42f (Unity) AssetImportWorkerClient::ReloadScriptingDomain
0x00007fffbb2a5ffc (Unity) <lambda_94302c41bc55323db1fed16712a08587>::operator()
0x00007fffbb389c0e (Unity) asio::detail::completion_handler<core::mutable_function<void __cdecl(void)>,asio::io_context::basic_executor_type<std::allocator<void>,0> >::do_complete
0x00007fffbb37749a (Unity) asio::detail::win_iocp_io_context::do_one
0x00007fffbb378804 (Unity) asio::detail::win_iocp_io_context::run
0x00007fffbb38822c (Unity) IOService::Run
0x00007fffbb2d0216 (Unity) RunAssetImportWorkerClientV2
0x00007fffbb2d02db (Unity) RunAssetImporterV2
0x00007fffbaad500a (Unity) Application::InitializeProject
0x00007fffbb0e2615 (Unity) UnityMain
0x00007ff733c62fba (Unity) __scrt_common_main_seh
0x00007ff843f47374 (KERNEL32) BaseThreadInitThunk
0x00007ff84547cc91 (ntdll) RtlUserThreadStart

Assertion failed on expression: 'pred(*previous, *i)'
0x00007fffb9e65e6d (Unity) StackWalker::ShowCallstack
0x00007fffb9e75dc9 (Unity) PlatformStacktrace::GetStacktrace
0x00007fffbb0d823e (Unity) Stacktrace::GetStacktrace
0x00007fffbb67f7ff (Unity) DebugStringToFile
0x00007fffbb67f3ba (Unity) AssertImplementation
0x00007fffb9d17c93 (Unity) MonoScriptManager::CollectGarbageIn
0x00007fffb9d17948 (Unity) MonoScriptManager::CollectGarbage
0x00007fffb9d50c78 (Unity) MonoManager::FinalizeReload
0x00007fffbb27cd15 (Unity) ScriptingInitializer::FinalizeReload
0x00007fffbb2cc42f (Unity) AssetImportWorkerClient::ReloadScriptingDomain
0x00007fffbb2a5ffc (Unity) <lambda_94302c41bc55323db1fed16712a08587>::operator()
0x00007fffbb389c0e (Unity) asio::detail::completion_handler<core::mutable_function<void __cdecl(void)>,asio::io_context::basic_executor_type<std::allocator<void>,0> >::do_complete
0x00007fffbb37749a (Unity) asio::detail::win_iocp_io_context::do_one
0x00007fffbb378804 (Unity) asio::detail::win_iocp_io_context::run
0x00007fffbb38822c (Unity) IOService::Run
0x00007fffbb2d0216 (Unity) RunAssetImportWorkerClientV2
0x00007fffbb2d02db (Unity) RunAssetImporterV2
0x00007fffbaad500a (Unity) Application::InitializeProject
0x00007fffbb0e2615 (Unity) UnityMain
0x00007ff733c62fba (Unity) __scrt_common_main_seh
0x00007ff843f47374 (KERNEL32) BaseThreadInitThunk
0x00007ff84547cc91 (ntdll) RtlUserThreadStart

Assertion failed on expression: 'pred(*previous, *i)'
0x00007fffb9e65e6d (Unity) StackWalker::ShowCallstack
0x00007fffb9e75dc9 (Unity) PlatformStacktrace::GetStacktrace
0x00007fffbb0d823e (Unity) Stacktrace::GetStacktrace
0x00007fffbb67f7ff (Unity) DebugStringToFile
0x00007fffbb67f3ba (Unity) AssertImplementation
0x00007fffb9d17c93 (Unity) MonoScriptManager::CollectGarbageIn
0x00007fffb9d17948 (Unity) MonoScriptManager::CollectGarbage
0x00007fffb9d50c78 (Unity) MonoManager::FinalizeReload
0x00007fffbb27cd15 (Unity) ScriptingInitializer::FinalizeReload
0x00007fffbb2cc42f (Unity) AssetImportWorkerClient::ReloadScriptingDomain
0x00007fffbb2a5ffc (Unity) <lambda_94302c41bc55323db1fed16712a08587>::operator()
0x00007fffbb389c0e (Unity) asio::detail::completion_handler<core::mutable_function<void __cdecl(void)>,asio::io_context::basic_executor_type<std::allocator<void>,0> >::do_complete
0x00007fffbb37749a (Unity) asio::detail::win_iocp_io_context::do_one
0x00007fffbb378804 (Unity) asio::detail::win_iocp_io_context::run
0x00007fffbb38822c (Unity) IOService::Run
0x00007fffbb2d0216 (Unity) RunAssetImportWorkerClientV2
0x00007fffbb2d02db (Unity) RunAssetImporterV2
0x00007fffbaad500a (Unity) Application::InitializeProject
0x00007fffbb0e2615 (Unity) UnityMain
0x00007ff733c62fba (Unity) __scrt_common_main_seh
0x00007ff843f47374 (KERNEL32) BaseThreadInitThunk
0x00007ff84547cc91 (ntdll) RtlUserThreadStart

Assertion failed on expression: 'pred(*previous, *i)'
0x00007fffb9e65e6d (Unity) StackWalker::ShowCallstack
0x00007fffb9e75dc9 (Unity) PlatformStacktrace::GetStacktrace
0x00007fffbb0d823e (Unity) Stacktrace::GetStacktrace
0x00007fffbb67f7ff (Unity) DebugStringToFile
0x00007fffbb67f3ba (Unity) AssertImplementation
0x00007fffb9d17c93 (Unity) MonoScriptManager::CollectGarbageIn
0x00007fffb9d17948 (Unity) MonoScriptManager::CollectGarbage
0x00007fffb9d50c78 (Unity) MonoManager::FinalizeReload
0x00007fffbb27cd15 (Unity) ScriptingInitializer::FinalizeReload
0x00007fffbb2cc42f (Unity) AssetImportWorkerClient::ReloadScriptingDomain
0x00007fffbb2a5ffc (Unity) <lambda_94302c41bc55323db1fed16712a08587>::operator()
0x00007fffbb389c0e (Unity) asio::detail::completion_handler<core::mutable_function<void __cdecl(void)>,asio::io_context::basic_executor_type<std::allocator<void>,0> >::do_complete
0x00007fffbb37749a (Unity) asio::detail::win_iocp_io_context::do_one
0x00007fffbb378804 (Unity) asio::detail::win_iocp_io_context::run
0x00007fffbb38822c (Unity) IOService::Run
0x00007fffbb2d0216 (Unity) RunAssetImportWorkerClientV2
0x00007fffbb2d02db (Unity) RunAssetImporterV2
0x00007fffbaad500a (Unity) Application::InitializeProject
0x00007fffbb0e2615 (Unity) UnityMain
0x00007ff733c62fba (Unity) __scrt_common_main_seh
0x00007ff843f47374 (KERNEL32) BaseThreadInitThunk
0x00007ff84547cc91 (ntdll) RtlUserThreadStart

Assertion failed on expression: 'pred(*previous, *i)'
0x00007fffb9e65e6d (Unity) StackWalker::ShowCallstack
0x00007fffb9e75dc9 (Unity) PlatformStacktrace::GetStacktrace
0x00007fffbb0d823e (Unity) Stacktrace::GetStacktrace
0x00007fffbb67f7ff (Unity) DebugStringToFile
0x00007fffbb67f3ba (Unity) AssertImplementation
0x00007fffb9d17c93 (Unity) MonoScriptManager::CollectGarbageIn
0x00007fffb9d17948 (Unity) MonoScriptManager::CollectGarbage
0x00007fffb9d50c78 (Unity) MonoManager::FinalizeReload
0x00007fffbb27cd15 (Unity) ScriptingInitializer::FinalizeReload
0x00007fffbb2cc42f (Unity) AssetImportWorkerClient::ReloadScriptingDomain
0x00007fffbb2a5ffc (Unity) <lambda_94302c41bc55323db1fed16712a08587>::operator()
0x00007fffbb389c0e (Unity) asio::detail::completion_handler<core::mutable_function<void __cdecl(void)>,asio::io_context::basic_executor_type<std::allocator<void>,0> >::do_complete
0x00007fffbb37749a (Unity) asio::detail::win_iocp_io_context::do_one
0x00007fffbb378804 (Unity) asio::detail::win_iocp_io_context::run
0x00007fffbb38822c (Unity) IOService::Run
0x00007fffbb2d0216 (Unity) RunAssetImportWorkerClientV2
0x00007fffbb2d02db (Unity) RunAssetImporterV2
0x00007fffbaad500a (Unity) Application::InitializeProject
0x00007fffbb0e2615 (Unity) UnityMain
0x00007ff733c62fba (Unity) __scrt_common_main_seh
0x00007ff843f47374 (KERNEL32) BaseThreadInitThunk
0x00007ff84547cc91 (ntdll) RtlUserThreadStart

Assertion failed on expression: 'pred(*previous, *i)'
0x00007fffb9e65e6d (Unity) StackWalker::ShowCallstack
0x00007fffb9e75dc9 (Unity) PlatformStacktrace::GetStacktrace
0x00007fffbb0d823e (Unity) Stacktrace::GetStacktrace
0x00007fffbb67f7ff (Unity) DebugStringToFile
0x00007fffbb67f3ba (Unity) AssertImplementation
0x00007fffb9d17c93 (Unity) MonoScriptManager::CollectGarbageIn
0x00007fffb9d17948 (Unity) MonoScriptManager::CollectGarbage
0x00007fffb9d50c78 (Unity) MonoManager::FinalizeReload
0x00007fffbb27cd15 (Unity) ScriptingInitializer::FinalizeReload
0x00007fffbb2cc42f (Unity) AssetImportWorkerClient::ReloadScriptingDomain
0x00007fffbb2a5ffc (Unity) <lambda_94302c41bc55323db1fed16712a08587>::operator()
0x00007fffbb389c0e (Unity) asio::detail::completion_handler<core::mutable_function<void __cdecl(void)>,asio::io_context::basic_executor_type<std::allocator<void>,0> >::do_complete
0x00007fffbb37749a (Unity) asio::detail::win_iocp_io_context::do_one
0x00007fffbb378804 (Unity) asio::detail::win_iocp_io_context::run
0x00007fffbb38822c (Unity) IOService::Run
0x00007fffbb2d0216 (Unity) RunAssetImportWorkerClientV2
0x00007fffbb2d02db (Unity) RunAssetImporterV2
0x00007fffbaad500a (Unity) Application::InitializeProject
0x00007fffbb0e2615 (Unity) UnityMain
0x00007ff733c62fba (Unity) __scrt_common_main_seh
0x00007ff843f47374 (KERNEL32) BaseThreadInitThunk
0x00007ff84547cc91 (ntdll) RtlUserThreadStart

Assertion failed on expression: 'pred(*previous, *i)'
0x00007fffb9e65e6d (Unity) StackWalker::ShowCallstack
0x00007fffb9e75dc9 (Unity) PlatformStacktrace::GetStacktrace
0x00007fffbb0d823e (Unity) Stacktrace::GetStacktrace
0x00007fffbb67f7ff (Unity) DebugStringToFile
0x00007fffbb67f3ba (Unity) AssertImplementation
0x00007fffb9d17c93 (Unity) MonoScriptManager::CollectGarbageIn
0x00007fffb9d17948 (Unity) MonoScriptManager::CollectGarbage
0x00007fffb9d50c78 (Unity) MonoManager::FinalizeReload
0x00007fffbb27cd15 (Unity) ScriptingInitializer::FinalizeReload
0x00007fffbb2cc42f (Unity) AssetImportWorkerClient::ReloadScriptingDomain
0x00007fffbb2a5ffc (Unity) <lambda_94302c41bc55323db1fed16712a08587>::operator()
0x00007fffbb389c0e (Unity) asio::detail::completion_handler<core::mutable_function<void __cdecl(void)>,asio::io_context::basic_executor_type<std::allocator<void>,0> >::do_complete
0x00007fffbb37749a (Unity) asio::detail::win_iocp_io_context::do_one
0x00007fffbb378804 (Unity) asio::detail::win_iocp_io_context::run
0x00007fffbb38822c (Unity) IOService::Run
0x00007fffbb2d0216 (Unity) RunAssetImportWorkerClientV2
0x00007fffbb2d02db (Unity) RunAssetImporterV2
0x00007fffbaad500a (Unity) Application::InitializeProject
0x00007fffbb0e2615 (Unity) UnityMain
0x00007ff733c62fba (Unity) __scrt_common_main_seh
0x00007ff843f47374 (KERNEL32) BaseThreadInitThunk
0x00007ff84547cc91 (ntdll) RtlUserThreadStart

Native extension for Android target not found
Native extension for UWP target not found
Native extension for WindowsStandalone target not found
Mono: successfully reloaded assembly
[Package Manager] Failed to launch server process. Reason: Unity was launched with the -noUpm command-line argument
[Package Manager] Unable to send message (not connected to server process).
[Package Manager] Cannot connect to Unity Package Manager local server
- Finished resetting the current domain, in  1.417 seconds
Domain Reload Profiling: 2206ms
	BeginReloadAssembly (227ms)
		ExecutionOrderSort (0ms)
		DisableScriptedObjects (23ms)
		BackupInstance (0ms)
		ReleaseScriptingObjects (0ms)
		CreateAndSetChildDomain (46ms)
	RebuildCommonClasses (38ms)
	RebuildNativeTypeToScriptingClass (13ms)
	initialDomainReloadingComplete (29ms)
	LoadAllAssembliesAndSetupDomain (482ms)
		LoadAssemblies (407ms)
		RebuildTransferFunctionScriptingTraits (0ms)
		AnalyzeDomain (199ms)
			TypeCache.Refresh (97ms)
				TypeCache.ScanAssembly (83ms)
			BuildScriptInfoCaches (95ms)
			ResolveRequiredComponents (4ms)
	FinalizeReload (1417ms)
		ReleaseScriptCaches (0ms)
		RebuildScriptCaches (0ms)
		SetupLoadedEditorAssemblies (491ms)
			LogAssemblyErrors (0ms)
			InitializePlatformSupportModulesInManaged (15ms)
			SetLoadedEditorAssemblies (3ms)
			BeforeProcessingInitializeOnLoad (39ms)
			ProcessInitializeOnLoadAttributes (272ms)
			ProcessInitializeOnLoadMethodAttributes (161ms)
			AfterProcessingInitializeOnLoad (2ms)
			EditorAssembliesLoaded (0ms)
		ExecutionOrderSort2 (0ms)
		AwakeInstancesAfterBackupRestoration (5ms)
Refreshing native plugins compatible for Editor in 4.61 ms, found 4 plugins.
Preloading 0 native plugins for Editor in 0.00 ms.
Unloading 13 Unused Serialized files (Serialized files now loaded: 0)
Unloading 4999 unused Assets / (2.1 MB). Loaded Objects now: 5588.
Memory consumption went from 120.5 MB to 118.4 MB.
Total: 6.478300 ms (FindLiveObjects: 0.414600 ms CreateObjectMapping: 0.309800 ms MarkObjects: 4.317400 ms  DeleteObjects: 1.435500 ms)

Prepare: number of updated asset objects reloaded= 0
========================================================================
Received Prepare
Begin MonoManager ReloadAssembly
- Loaded All Assemblies, in  0.628 seconds
Refreshing native plugins compatible for Editor in 2.15 ms, found 4 plugins.
Assertion failed on expression: 'pred(*previous, *i)'
0x00007fffb9e65e6d (Unity) StackWalker::ShowCallstack
0x00007fffb9e75dc9 (Unity) PlatformStacktrace::GetStacktrace
0x00007fffbb0d823e (Unity) Stacktrace::GetStacktrace
0x00007fffbb67f7ff (Unity) DebugStringToFile
0x00007fffbb67f3ba (Unity) AssertImplementation
0x00007fffb9d17c93 (Unity) MonoScriptManager::CollectGarbageIn
0x00007fffb9d17948 (Unity) MonoScriptManager::CollectGarbage
0x00007fffb9d50c78 (Unity) MonoManager::FinalizeReload
0x00007fffbb27cd15 (Unity) ScriptingInitializer::FinalizeReload
0x00007fffbb2cc42f (Unity) AssetImportWorkerClient::ReloadScriptingDomain
0x00007fffbb2a5ffc (Unity) <lambda_94302c41bc55323db1fed16712a08587>::operator()
0x00007fffbb389c0e (Unity) asio::detail::completion_handler<core::mutable_function<void __cdecl(void)>,asio::io_context::basic_executor_type<std::allocator<void>,0> >::do_complete
0x00007fffbb37749a (Unity) asio::detail::win_iocp_io_context::do_one
0x00007fffbb378804 (Unity) asio::detail::win_iocp_io_context::run
0x00007fffbb38822c (Unity) IOService::Run
0x00007fffbb2d0216 (Unity) RunAssetImportWorkerClientV2
0x00007fffbb2d02db (Unity) RunAssetImporterV2
0x00007fffbaad500a (Unity) Application::InitializeProject
0x00007fffbb0e2615 (Unity) UnityMain
0x00007ff733c62fba (Unity) __scrt_common_main_seh
0x00007ff843f47374 (KERNEL32) BaseThreadInitThunk
0x00007ff84547cc91 (ntdll) RtlUserThreadStart

Assertion failed on expression: 'pred(*previous, *i)'
0x00007fffb9e65e6d (Unity) StackWalker::ShowCallstack
0x00007fffb9e75dc9 (Unity) PlatformStacktrace::GetStacktrace
0x00007fffbb0d823e (Unity) Stacktrace::GetStacktrace
0x00007fffbb67f7ff (Unity) DebugStringToFile
0x00007fffbb67f3ba (Unity) AssertImplementation
0x00007fffb9d17c93 (Unity) MonoScriptManager::CollectGarbageIn
0x00007fffb9d17948 (Unity) MonoScriptManager::CollectGarbage
0x00007fffb9d50c78 (Unity) MonoManager::FinalizeReload
0x00007fffbb27cd15 (Unity) ScriptingInitializer::FinalizeReload
0x00007fffbb2cc42f (Unity) AssetImportWorkerClient::ReloadScriptingDomain
0x00007fffbb2a5ffc (Unity) <lambda_94302c41bc55323db1fed16712a08587>::operator()
0x00007fffbb389c0e (Unity) asio::detail::completion_handler<core::mutable_function<void __cdecl(void)>,asio::io_context::basic_executor_type<std::allocator<void>,0> >::do_complete
0x00007fffbb37749a (Unity) asio::detail::win_iocp_io_context::do_one
0x00007fffbb378804 (Unity) asio::detail::win_iocp_io_context::run
0x00007fffbb38822c (Unity) IOService::Run
0x00007fffbb2d0216 (Unity) RunAssetImportWorkerClientV2
0x00007fffbb2d02db (Unity) RunAssetImporterV2
0x00007fffbaad500a (Unity) Application::InitializeProject
0x00007fffbb0e2615 (Unity) UnityMain
0x00007ff733c62fba (Unity) __scrt_common_main_seh
0x00007ff843f47374 (KERNEL32) BaseThreadInitThunk
0x00007ff84547cc91 (ntdll) RtlUserThreadStart

Assertion failed on expression: 'pred(*previous, *i)'
0x00007fffb9e65e6d (Unity) StackWalker::ShowCallstack
0x00007fffb9e75dc9 (Unity) PlatformStacktrace::GetStacktrace
0x00007fffbb0d823e (Unity) Stacktrace::GetStacktrace
0x00007fffbb67f7ff (Unity) DebugStringToFile
0x00007fffbb67f3ba (Unity) AssertImplementation
0x00007fffb9d17c93 (Unity) MonoScriptManager::CollectGarbageIn
0x00007fffb9d17948 (Unity) MonoScriptManager::CollectGarbage
0x00007fffb9d50c78 (Unity) MonoManager::FinalizeReload
0x00007fffbb27cd15 (Unity) ScriptingInitializer::FinalizeReload
0x00007fffbb2cc42f (Unity) AssetImportWorkerClient::ReloadScriptingDomain
0x00007fffbb2a5ffc (Unity) <lambda_94302c41bc55323db1fed16712a08587>::operator()
0x00007fffbb389c0e (Unity) asio::detail::completion_handler<core::mutable_function<void __cdecl(void)>,asio::io_context::basic_executor_type<std::allocator<void>,0> >::do_complete
0x00007fffbb37749a (Unity) asio::detail::win_iocp_io_context::do_one
0x00007fffbb378804 (Unity) asio::detail::win_iocp_io_context::run
0x00007fffbb38822c (Unity) IOService::Run
0x00007fffbb2d0216 (Unity) RunAssetImportWorkerClientV2
0x00007fffbb2d02db (Unity) RunAssetImporterV2
0x00007fffbaad500a (Unity) Application::InitializeProject
0x00007fffbb0e2615 (Unity) UnityMain
0x00007ff733c62fba (Unity) __scrt_common_main_seh
0x00007ff843f47374 (KERNEL32) BaseThreadInitThunk
0x00007ff84547cc91 (ntdll) RtlUserThreadStart

Assertion failed on expression: 'pred(*previous, *i)'
0x00007fffb9e65e6d (Unity) StackWalker::ShowCallstack
0x00007fffb9e75dc9 (Unity) PlatformStacktrace::GetStacktrace
0x00007fffbb0d823e (Unity) Stacktrace::GetStacktrace
0x00007fffbb67f7ff (Unity) DebugStringToFile
0x00007fffbb67f3ba (Unity) AssertImplementation
0x00007fffb9d17c93 (Unity) MonoScriptManager::CollectGarbageIn
0x00007fffb9d17948 (Unity) MonoScriptManager::CollectGarbage
0x00007fffb9d50c78 (Unity) MonoManager::FinalizeReload
0x00007fffbb27cd15 (Unity) ScriptingInitializer::FinalizeReload
0x00007fffbb2cc42f (Unity) AssetImportWorkerClient::ReloadScriptingDomain
0x00007fffbb2a5ffc (Unity) <lambda_94302c41bc55323db1fed16712a08587>::operator()
0x00007fffbb389c0e (Unity) asio::detail::completion_handler<core::mutable_function<void __cdecl(void)>,asio::io_context::basic_executor_type<std::allocator<void>,0> >::do_complete
0x00007fffbb37749a (Unity) asio::detail::win_iocp_io_context::do_one
0x00007fffbb378804 (Unity) asio::detail::win_iocp_io_context::run
0x00007fffbb38822c (Unity) IOService::Run
0x00007fffbb2d0216 (Unity) RunAssetImportWorkerClientV2
0x00007fffbb2d02db (Unity) RunAssetImporterV2
0x00007fffbaad500a (Unity) Application::InitializeProject
0x00007fffbb0e2615 (Unity) UnityMain
0x00007ff733c62fba (Unity) __scrt_common_main_seh
0x00007ff843f47374 (KERNEL32) BaseThreadInitThunk
0x00007ff84547cc91 (ntdll) RtlUserThreadStart

Assertion failed on expression: 'pred(*previous, *i)'
0x00007fffb9e65e6d (Unity) StackWalker::ShowCallstack
0x00007fffb9e75dc9 (Unity) PlatformStacktrace::GetStacktrace
0x00007fffbb0d823e (Unity) Stacktrace::GetStacktrace
0x00007fffbb67f7ff (Unity) DebugStringToFile
0x00007fffbb67f3ba (Unity) AssertImplementation
0x00007fffb9d17c93 (Unity) MonoScriptManager::CollectGarbageIn
0x00007fffb9d17948 (Unity) MonoScriptManager::CollectGarbage
0x00007fffb9d50c78 (Unity) MonoManager::FinalizeReload
0x00007fffbb27cd15 (Unity) ScriptingInitializer::FinalizeReload
0x00007fffbb2cc42f (Unity) AssetImportWorkerClient::ReloadScriptingDomain
0x00007fffbb2a5ffc (Unity) <lambda_94302c41bc55323db1fed16712a08587>::operator()
0x00007fffbb389c0e (Unity) asio::detail::completion_handler<core::mutable_function<void __cdecl(void)>,asio::io_context::basic_executor_type<std::allocator<void>,0> >::do_complete
0x00007fffbb37749a (Unity) asio::detail::win_iocp_io_context::do_one
0x00007fffbb378804 (Unity) asio::detail::win_iocp_io_context::run
0x00007fffbb38822c (Unity) IOService::Run
0x00007fffbb2d0216 (Unity) RunAssetImportWorkerClientV2
0x00007fffbb2d02db (Unity) RunAssetImporterV2
0x00007fffbaad500a (Unity) Application::InitializeProject
0x00007fffbb0e2615 (Unity) UnityMain
0x00007ff733c62fba (Unity) __scrt_common_main_seh
0x00007ff843f47374 (KERNEL32) BaseThreadInitThunk
0x00007ff84547cc91 (ntdll) RtlUserThreadStart

Assertion failed on expression: 'pred(*previous, *i)'
0x00007fffb9e65e6d (Unity) StackWalker::ShowCallstack
0x00007fffb9e75dc9 (Unity) PlatformStacktrace::GetStacktrace
0x00007fffbb0d823e (Unity) Stacktrace::GetStacktrace
0x00007fffbb67f7ff (Unity) DebugStringToFile
0x00007fffbb67f3ba (Unity) AssertImplementation
0x00007fffb9d17c93 (Unity) MonoScriptManager::CollectGarbageIn
0x00007fffb9d17948 (Unity) MonoScriptManager::CollectGarbage
0x00007fffb9d50c78 (Unity) MonoManager::FinalizeReload
0x00007fffbb27cd15 (Unity) ScriptingInitializer::FinalizeReload
0x00007fffbb2cc42f (Unity) AssetImportWorkerClient::ReloadScriptingDomain
0x00007fffbb2a5ffc (Unity) <lambda_94302c41bc55323db1fed16712a08587>::operator()
0x00007fffbb389c0e (Unity) asio::detail::completion_handler<core::mutable_function<void __cdecl(void)>,asio::io_context::basic_executor_type<std::allocator<void>,0> >::do_complete
0x00007fffbb37749a (Unity) asio::detail::win_iocp_io_context::do_one
0x00007fffbb378804 (Unity) asio::detail::win_iocp_io_context::run
0x00007fffbb38822c (Unity) IOService::Run
0x00007fffbb2d0216 (Unity) RunAssetImportWorkerClientV2
0x00007fffbb2d02db (Unity) RunAssetImporterV2
0x00007fffbaad500a (Unity) Application::InitializeProject
0x00007fffbb0e2615 (Unity) UnityMain
0x00007ff733c62fba (Unity) __scrt_common_main_seh
0x00007ff843f47374 (KERNEL32) BaseThreadInitThunk
0x00007ff84547cc91 (ntdll) RtlUserThreadStart

Assertion failed on expression: 'pred(*previous, *i)'
0x00007fffb9e65e6d (Unity) StackWalker::ShowCallstack
0x00007fffb9e75dc9 (Unity) PlatformStacktrace::GetStacktrace
0x00007fffbb0d823e (Unity) Stacktrace::GetStacktrace
0x00007fffbb67f7ff (Unity) DebugStringToFile
0x00007fffbb67f3ba (Unity) AssertImplementation
0x00007fffb9d17c93 (Unity) MonoScriptManager::CollectGarbageIn
0x00007fffb9d17948 (Unity) MonoScriptManager::CollectGarbage
0x00007fffb9d50c78 (Unity) MonoManager::FinalizeReload
0x00007fffbb27cd15 (Unity) ScriptingInitializer::FinalizeReload
0x00007fffbb2cc42f (Unity) AssetImportWorkerClient::ReloadScriptingDomain
0x00007fffbb2a5ffc (Unity) <lambda_94302c41bc55323db1fed16712a08587>::operator()
0x00007fffbb389c0e (Unity) asio::detail::completion_handler<core::mutable_function<void __cdecl(void)>,asio::io_context::basic_executor_type<std::allocator<void>,0> >::do_complete
0x00007fffbb37749a (Unity) asio::detail::win_iocp_io_context::do_one
0x00007fffbb378804 (Unity) asio::detail::win_iocp_io_context::run
0x00007fffbb38822c (Unity) IOService::Run
0x00007fffbb2d0216 (Unity) RunAssetImportWorkerClientV2
0x00007fffbb2d02db (Unity) RunAssetImporterV2
0x00007fffbaad500a (Unity) Application::InitializeProject
0x00007fffbb0e2615 (Unity) UnityMain
0x00007ff733c62fba (Unity) __scrt_common_main_seh
0x00007ff843f47374 (KERNEL32) BaseThreadInitThunk
0x00007ff84547cc91 (ntdll) RtlUserThreadStart

Assertion failed on expression: 'pred(*previous, *i)'
0x00007fffb9e65e6d (Unity) StackWalker::ShowCallstack
0x00007fffb9e75dc9 (Unity) PlatformStacktrace::GetStacktrace
0x00007fffbb0d823e (Unity) Stacktrace::GetStacktrace
0x00007fffbb67f7ff (Unity) DebugStringToFile
0x00007fffbb67f3ba (Unity) AssertImplementation
0x00007fffb9d17c93 (Unity) MonoScriptManager::CollectGarbageIn
0x00007fffb9d17948 (Unity) MonoScriptManager::CollectGarbage
0x00007fffb9d50c78 (Unity) MonoManager::FinalizeReload
0x00007fffbb27cd15 (Unity) ScriptingInitializer::FinalizeReload
0x00007fffbb2cc42f (Unity) AssetImportWorkerClient::ReloadScriptingDomain
0x00007fffbb2a5ffc (Unity) <lambda_94302c41bc55323db1fed16712a08587>::operator()
0x00007fffbb389c0e (Unity) asio::detail::completion_handler<core::mutable_function<void __cdecl(void)>,asio::io_context::basic_executor_type<std::allocator<void>,0> >::do_complete
0x00007fffbb37749a (Unity) asio::detail::win_iocp_io_context::do_one
0x00007fffbb378804 (Unity) asio::detail::win_iocp_io_context::run
0x00007fffbb38822c (Unity) IOService::Run
0x00007fffbb2d0216 (Unity) RunAssetImportWorkerClientV2
0x00007fffbb2d02db (Unity) RunAssetImporterV2
0x00007fffbaad500a (Unity) Application::InitializeProject
0x00007fffbb0e2615 (Unity) UnityMain
0x00007ff733c62fba (Unity) __scrt_common_main_seh
0x00007ff843f47374 (KERNEL32) BaseThreadInitThunk
0x00007ff84547cc91 (ntdll) RtlUserThreadStart

Assertion failed on expression: 'pred(*previous, *i)'
0x00007fffb9e65e6d (Unity) StackWalker::ShowCallstack
0x00007fffb9e75dc9 (Unity) PlatformStacktrace::GetStacktrace
0x00007fffbb0d823e (Unity) Stacktrace::GetStacktrace
0x00007fffbb67f7ff (Unity) DebugStringToFile
0x00007fffbb67f3ba (Unity) AssertImplementation
0x00007fffb9d17c93 (Unity) MonoScriptManager::CollectGarbageIn
0x00007fffb9d17948 (Unity) MonoScriptManager::CollectGarbage
0x00007fffb9d50c78 (Unity) MonoManager::FinalizeReload
0x00007fffbb27cd15 (Unity) ScriptingInitializer::FinalizeReload
0x00007fffbb2cc42f (Unity) AssetImportWorkerClient::ReloadScriptingDomain
0x00007fffbb2a5ffc (Unity) <lambda_94302c41bc55323db1fed16712a08587>::operator()
0x00007fffbb389c0e (Unity) asio::detail::completion_handler<core::mutable_function<void __cdecl(void)>,asio::io_context::basic_executor_type<std::allocator<void>,0> >::do_complete
0x00007fffbb37749a (Unity) asio::detail::win_iocp_io_context::do_one
0x00007fffbb378804 (Unity) asio::detail::win_iocp_io_context::run
0x00007fffbb38822c (Unity) IOService::Run
0x00007fffbb2d0216 (Unity) RunAssetImportWorkerClientV2
0x00007fffbb2d02db (Unity) RunAssetImporterV2
0x00007fffbaad500a (Unity) Application::InitializeProject
0x00007fffbb0e2615 (Unity) UnityMain
0x00007ff733c62fba (Unity) __scrt_common_main_seh
0x00007ff843f47374 (KERNEL32) BaseThreadInitThunk
0x00007ff84547cc91 (ntdll) RtlUserThreadStart

Assertion failed on expression: 'pred(*previous, *i)'
0x00007fffb9e65e6d (Unity) StackWalker::ShowCallstack
0x00007fffb9e75dc9 (Unity) PlatformStacktrace::GetStacktrace
0x00007fffbb0d823e (Unity) Stacktrace::GetStacktrace
0x00007fffbb67f7ff (Unity) DebugStringToFile
0x00007fffbb67f3ba (Unity) AssertImplementation
0x00007fffb9d17c93 (Unity) MonoScriptManager::CollectGarbageIn
0x00007fffb9d17948 (Unity) MonoScriptManager::CollectGarbage
0x00007fffb9d50c78 (Unity) MonoManager::FinalizeReload
0x00007fffbb27cd15 (Unity) ScriptingInitializer::FinalizeReload
0x00007fffbb2cc42f (Unity) AssetImportWorkerClient::ReloadScriptingDomain
0x00007fffbb2a5ffc (Unity) <lambda_94302c41bc55323db1fed16712a08587>::operator()
0x00007fffbb389c0e (Unity) asio::detail::completion_handler<core::mutable_function<void __cdecl(void)>,asio::io_context::basic_executor_type<std::allocator<void>,0> >::do_complete
0x00007fffbb37749a (Unity) asio::detail::win_iocp_io_context::do_one
0x00007fffbb378804 (Unity) asio::detail::win_iocp_io_context::run
0x00007fffbb38822c (Unity) IOService::Run
0x00007fffbb2d0216 (Unity) RunAssetImportWorkerClientV2
0x00007fffbb2d02db (Unity) RunAssetImporterV2
0x00007fffbaad500a (Unity) Application::InitializeProject
0x00007fffbb0e2615 (Unity) UnityMain
0x00007ff733c62fba (Unity) __scrt_common_main_seh
0x00007ff843f47374 (KERNEL32) BaseThreadInitThunk
0x00007ff84547cc91 (ntdll) RtlUserThreadStart

Assertion failed on expression: 'pred(*previous, *i)'
0x00007fffb9e65e6d (Unity) StackWalker::ShowCallstack
0x00007fffb9e75dc9 (Unity) PlatformStacktrace::GetStacktrace
0x00007fffbb0d823e (Unity) Stacktrace::GetStacktrace
0x00007fffbb67f7ff (Unity) DebugStringToFile
0x00007fffbb67f3ba (Unity) AssertImplementation
0x00007fffb9d17c93 (Unity) MonoScriptManager::CollectGarbageIn
0x00007fffb9d17948 (Unity) MonoScriptManager::CollectGarbage
0x00007fffb9d50c78 (Unity) MonoManager::FinalizeReload
0x00007fffbb27cd15 (Unity) ScriptingInitializer::FinalizeReload
0x00007fffbb2cc42f (Unity) AssetImportWorkerClient::ReloadScriptingDomain
0x00007fffbb2a5ffc (Unity) <lambda_94302c41bc55323db1fed16712a08587>::operator()
0x00007fffbb389c0e (Unity) asio::detail::completion_handler<core::mutable_function<void __cdecl(void)>,asio::io_context::basic_executor_type<std::allocator<void>,0> >::do_complete
0x00007fffbb37749a (Unity) asio::detail::win_iocp_io_context::do_one
0x00007fffbb378804 (Unity) asio::detail::win_iocp_io_context::run
0x00007fffbb38822c (Unity) IOService::Run
0x00007fffbb2d0216 (Unity) RunAssetImportWorkerClientV2
0x00007fffbb2d02db (Unity) RunAssetImporterV2
0x00007fffbaad500a (Unity) Application::InitializeProject
0x00007fffbb0e2615 (Unity) UnityMain
0x00007ff733c62fba (Unity) __scrt_common_main_seh
0x00007ff843f47374 (KERNEL32) BaseThreadInitThunk
0x00007ff84547cc91 (ntdll) RtlUserThreadStart

Assertion failed on expression: 'pred(*previous, *i)'
0x00007fffb9e65e6d (Unity) StackWalker::ShowCallstack
0x00007fffb9e75dc9 (Unity) PlatformStacktrace::GetStacktrace
0x00007fffbb0d823e (Unity) Stacktrace::GetStacktrace
0x00007fffbb67f7ff (Unity) DebugStringToFile
0x00007fffbb67f3ba (Unity) AssertImplementation
0x00007fffb9d17c93 (Unity) MonoScriptManager::CollectGarbageIn
0x00007fffb9d17948 (Unity) MonoScriptManager::CollectGarbage
0x00007fffb9d50c78 (Unity) MonoManager::FinalizeReload
0x00007fffbb27cd15 (Unity) ScriptingInitializer::FinalizeReload
0x00007fffbb2cc42f (Unity) AssetImportWorkerClient::ReloadScriptingDomain
0x00007fffbb2a5ffc (Unity) <lambda_94302c41bc55323db1fed16712a08587>::operator()
0x00007fffbb389c0e (Unity) asio::detail::completion_handler<core::mutable_function<void __cdecl(void)>,asio::io_context::basic_executor_type<std::allocator<void>,0> >::do_complete
0x00007fffbb37749a (Unity) asio::detail::win_iocp_io_context::do_one
0x00007fffbb378804 (Unity) asio::detail::win_iocp_io_context::run
0x00007fffbb38822c (Unity) IOService::Run
0x00007fffbb2d0216 (Unity) RunAssetImportWorkerClientV2
0x00007fffbb2d02db (Unity) RunAssetImporterV2
0x00007fffbaad500a (Unity) Application::InitializeProject
0x00007fffbb0e2615 (Unity) UnityMain
0x00007ff733c62fba (Unity) __scrt_common_main_seh
0x00007ff843f47374 (KERNEL32) BaseThreadInitThunk
0x00007ff84547cc91 (ntdll) RtlUserThreadStart

Assertion failed on expression: 'pred(*previous, *i)'
0x00007fffb9e65e6d (Unity) StackWalker::ShowCallstack
0x00007fffb9e75dc9 (Unity) PlatformStacktrace::GetStacktrace
0x00007fffbb0d823e (Unity) Stacktrace::GetStacktrace
0x00007fffbb67f7ff (Unity) DebugStringToFile
0x00007fffbb67f3ba (Unity) AssertImplementation
0x00007fffb9d17c93 (Unity) MonoScriptManager::CollectGarbageIn
0x00007fffb9d17948 (Unity) MonoScriptManager::CollectGarbage
0x00007fffb9d50c78 (Unity) MonoManager::FinalizeReload
0x00007fffbb27cd15 (Unity) ScriptingInitializer::FinalizeReload
0x00007fffbb2cc42f (Unity) AssetImportWorkerClient::ReloadScriptingDomain
0x00007fffbb2a5ffc (Unity) <lambda_94302c41bc55323db1fed16712a08587>::operator()
0x00007fffbb389c0e (Unity) asio::detail::completion_handler<core::mutable_function<void __cdecl(void)>,asio::io_context::basic_executor_type<std::allocator<void>,0> >::do_complete
0x00007fffbb37749a (Unity) asio::detail::win_iocp_io_context::do_one
0x00007fffbb378804 (Unity) asio::detail::win_iocp_io_context::run
0x00007fffbb38822c (Unity) IOService::Run
0x00007fffbb2d0216 (Unity) RunAssetImportWorkerClientV2
0x00007fffbb2d02db (Unity) RunAssetImporterV2
0x00007fffbaad500a (Unity) Application::InitializeProject
0x00007fffbb0e2615 (Unity) UnityMain
0x00007ff733c62fba (Unity) __scrt_common_main_seh
0x00007ff843f47374 (KERNEL32) BaseThreadInitThunk
0x00007ff84547cc91 (ntdll) RtlUserThreadStart

Assertion failed on expression: 'pred(*previous, *i)'
0x00007fffb9e65e6d (Unity) StackWalker::ShowCallstack
0x00007fffb9e75dc9 (Unity) PlatformStacktrace::GetStacktrace
0x00007fffbb0d823e (Unity) Stacktrace::GetStacktrace
0x00007fffbb67f7ff (Unity) DebugStringToFile
0x00007fffbb67f3ba (Unity) AssertImplementation
0x00007fffb9d17c93 (Unity) MonoScriptManager::CollectGarbageIn
0x00007fffb9d17948 (Unity) MonoScriptManager::CollectGarbage
0x00007fffb9d50c78 (Unity) MonoManager::FinalizeReload
0x00007fffbb27cd15 (Unity) ScriptingInitializer::FinalizeReload
0x00007fffbb2cc42f (Unity) AssetImportWorkerClient::ReloadScriptingDomain
0x00007fffbb2a5ffc (Unity) <lambda_94302c41bc55323db1fed16712a08587>::operator()
0x00007fffbb389c0e (Unity) asio::detail::completion_handler<core::mutable_function<void __cdecl(void)>,asio::io_context::basic_executor_type<std::allocator<void>,0> >::do_complete
0x00007fffbb37749a (Unity) asio::detail::win_iocp_io_context::do_one
0x00007fffbb378804 (Unity) asio::detail::win_iocp_io_context::run
0x00007fffbb38822c (Unity) IOService::Run
0x00007fffbb2d0216 (Unity) RunAssetImportWorkerClientV2
0x00007fffbb2d02db (Unity) RunAssetImporterV2
0x00007fffbaad500a (Unity) Application::InitializeProject
0x00007fffbb0e2615 (Unity) UnityMain
0x00007ff733c62fba (Unity) __scrt_common_main_seh
0x00007ff843f47374 (KERNEL32) BaseThreadInitThunk
0x00007ff84547cc91 (ntdll) RtlUserThreadStart

Assertion failed on expression: 'pred(*previous, *i)'
0x00007fffb9e65e6d (Unity) StackWalker::ShowCallstack
0x00007fffb9e75dc9 (Unity) PlatformStacktrace::GetStacktrace
0x00007fffbb0d823e (Unity) Stacktrace::GetStacktrace
0x00007fffbb67f7ff (Unity) DebugStringToFile
0x00007fffbb67f3ba (Unity) AssertImplementation
0x00007fffb9d17c93 (Unity) MonoScriptManager::CollectGarbageIn
0x00007fffb9d17948 (Unity) MonoScriptManager::CollectGarbage
0x00007fffb9d50c78 (Unity) MonoManager::FinalizeReload
0x00007fffbb27cd15 (Unity) ScriptingInitializer::FinalizeReload
0x00007fffbb2cc42f (Unity) AssetImportWorkerClient::ReloadScriptingDomain
0x00007fffbb2a5ffc (Unity) <lambda_94302c41bc55323db1fed16712a08587>::operator()
0x00007fffbb389c0e (Unity) asio::detail::completion_handler<core::mutable_function<void __cdecl(void)>,asio::io_context::basic_executor_type<std::allocator<void>,0> >::do_complete
0x00007fffbb37749a (Unity) asio::detail::win_iocp_io_context::do_one
0x00007fffbb378804 (Unity) asio::detail::win_iocp_io_context::run
0x00007fffbb38822c (Unity) IOService::Run
0x00007fffbb2d0216 (Unity) RunAssetImportWorkerClientV2
0x00007fffbb2d02db (Unity) RunAssetImporterV2
0x00007fffbaad500a (Unity) Application::InitializeProject
0x00007fffbb0e2615 (Unity) UnityMain
0x00007ff733c62fba (Unity) __scrt_common_main_seh
0x00007ff843f47374 (KERNEL32) BaseThreadInitThunk
0x00007ff84547cc91 (ntdll) RtlUserThreadStart

Assertion failed on expression: 'pred(*previous, *i)'
0x00007fffb9e65e6d (Unity) StackWalker::ShowCallstack
0x00007fffb9e75dc9 (Unity) PlatformStacktrace::GetStacktrace
0x00007fffbb0d823e (Unity) Stacktrace::GetStacktrace
0x00007fffbb67f7ff (Unity) DebugStringToFile
0x00007fffbb67f3ba (Unity) AssertImplementation
0x00007fffb9d17c93 (Unity) MonoScriptManager::CollectGarbageIn
0x00007fffb9d17948 (Unity) MonoScriptManager::CollectGarbage
0x00007fffb9d50c78 (Unity) MonoManager::FinalizeReload
0x00007fffbb27cd15 (Unity) ScriptingInitializer::FinalizeReload
0x00007fffbb2cc42f (Unity) AssetImportWorkerClient::ReloadScriptingDomain
0x00007fffbb2a5ffc (Unity) <lambda_94302c41bc55323db1fed16712a08587>::operator()
0x00007fffbb389c0e (Unity) asio::detail::completion_handler<core::mutable_function<void __cdecl(void)>,asio::io_context::basic_executor_type<std::allocator<void>,0> >::do_complete
0x00007fffbb37749a (Unity) asio::detail::win_iocp_io_context::do_one
0x00007fffbb378804 (Unity) asio::detail::win_iocp_io_context::run
0x00007fffbb38822c (Unity) IOService::Run
0x00007fffbb2d0216 (Unity) RunAssetImportWorkerClientV2
0x00007fffbb2d02db (Unity) RunAssetImporterV2
0x00007fffbaad500a (Unity) Application::InitializeProject
0x00007fffbb0e2615 (Unity) UnityMain
0x00007ff733c62fba (Unity) __scrt_common_main_seh
0x00007ff843f47374 (KERNEL32) BaseThreadInitThunk
0x00007ff84547cc91 (ntdll) RtlUserThreadStart

Assertion failed on expression: 'pred(*previous, *i)'
0x00007fffb9e65e6d (Unity) StackWalker::ShowCallstack
0x00007fffb9e75dc9 (Unity) PlatformStacktrace::GetStacktrace
0x00007fffbb0d823e (Unity) Stacktrace::GetStacktrace
0x00007fffbb67f7ff (Unity) DebugStringToFile
0x00007fffbb67f3ba (Unity) AssertImplementation
0x00007fffb9d17c93 (Unity) MonoScriptManager::CollectGarbageIn
0x00007fffb9d17948 (Unity) MonoScriptManager::CollectGarbage
0x00007fffb9d50c78 (Unity) MonoManager::FinalizeReload
0x00007fffbb27cd15 (Unity) ScriptingInitializer::FinalizeReload
0x00007fffbb2cc42f (Unity) AssetImportWorkerClient::ReloadScriptingDomain
0x00007fffbb2a5ffc (Unity) <lambda_94302c41bc55323db1fed16712a08587>::operator()
0x00007fffbb389c0e (Unity) asio::detail::completion_handler<core::mutable_function<void __cdecl(void)>,asio::io_context::basic_executor_type<std::allocator<void>,0> >::do_complete
0x00007fffbb37749a (Unity) asio::detail::win_iocp_io_context::do_one
0x00007fffbb378804 (Unity) asio::detail::win_iocp_io_context::run
0x00007fffbb38822c (Unity) IOService::Run
0x00007fffbb2d0216 (Unity) RunAssetImportWorkerClientV2
0x00007fffbb2d02db (Unity) RunAssetImporterV2
0x00007fffbaad500a (Unity) Application::InitializeProject
0x00007fffbb0e2615 (Unity) UnityMain
0x00007ff733c62fba (Unity) __scrt_common_main_seh
0x00007ff843f47374 (KERNEL32) BaseThreadInitThunk
0x00007ff84547cc91 (ntdll) RtlUserThreadStart

Assertion failed on expression: 'pred(*previous, *i)'
0x00007fffb9e65e6d (Unity) StackWalker::ShowCallstack
0x00007fffb9e75dc9 (Unity) PlatformStacktrace::GetStacktrace
0x00007fffbb0d823e (Unity) Stacktrace::GetStacktrace
0x00007fffbb67f7ff (Unity) DebugStringToFile
0x00007fffbb67f3ba (Unity) AssertImplementation
0x00007fffb9d17c93 (Unity) MonoScriptManager::CollectGarbageIn
0x00007fffb9d17948 (Unity) MonoScriptManager::CollectGarbage
0x00007fffb9d50c78 (Unity) MonoManager::FinalizeReload
0x00007fffbb27cd15 (Unity) ScriptingInitializer::FinalizeReload
0x00007fffbb2cc42f (Unity) AssetImportWorkerClient::ReloadScriptingDomain
0x00007fffbb2a5ffc (Unity) <lambda_94302c41bc55323db1fed16712a08587>::operator()
0x00007fffbb389c0e (Unity) asio::detail::completion_handler<core::mutable_function<void __cdecl(void)>,asio::io_context::basic_executor_type<std::allocator<void>,0> >::do_complete
0x00007fffbb37749a (Unity) asio::detail::win_iocp_io_context::do_one
0x00007fffbb378804 (Unity) asio::detail::win_iocp_io_context::run
0x00007fffbb38822c (Unity) IOService::Run
0x00007fffbb2d0216 (Unity) RunAssetImportWorkerClientV2
0x00007fffbb2d02db (Unity) RunAssetImporterV2
0x00007fffbaad500a (Unity) Application::InitializeProject
0x00007fffbb0e2615 (Unity) UnityMain
0x00007ff733c62fba (Unity) __scrt_common_main_seh
0x00007ff843f47374 (KERNEL32) BaseThreadInitThunk
0x00007ff84547cc91 (ntdll) RtlUserThreadStart

Native extension for Android target not found
Native extension for UWP target not found
Native extension for WindowsStandalone target not found
Mono: successfully reloaded assembly
[Package Manager] Failed to launch server process. Reason: Unity was launched with the -noUpm command-line argument
[Package Manager] Unable to send message (not connected to server process).
[Package Manager] Cannot connect to Unity Package Manager local server
- Finished resetting the current domain, in  0.827 seconds
Domain Reload Profiling: 1457ms
	BeginReloadAssembly (193ms)
		ExecutionOrderSort (0ms)
		DisableScriptedObjects (9ms)
		BackupInstance (0ms)
		ReleaseScriptingObjects (0ms)
		CreateAndSetChildDomain (45ms)
	RebuildCommonClasses (31ms)
	RebuildNativeTypeToScriptingClass (15ms)
	initialDomainReloadingComplete (20ms)
	LoadAllAssembliesAndSetupDomain (370ms)
		LoadAssemblies (330ms)
		RebuildTransferFunctionScriptingTraits (0ms)
		AnalyzeDomain (148ms)
			TypeCache.Refresh (7ms)
				TypeCache.ScanAssembly (0ms)
			BuildScriptInfoCaches (130ms)
			ResolveRequiredComponents (6ms)
	FinalizeReload (828ms)
		ReleaseScriptCaches (0ms)
		RebuildScriptCaches (0ms)
		SetupLoadedEditorAssemblies (588ms)
			LogAssemblyErrors (0ms)
			InitializePlatformSupportModulesInManaged (19ms)
			SetLoadedEditorAssemblies (5ms)
			BeforeProcessingInitializeOnLoad (45ms)
			ProcessInitializeOnLoadAttributes (311ms)
			ProcessInitializeOnLoadMethodAttributes (206ms)
			AfterProcessingInitializeOnLoad (2ms)
			EditorAssembliesLoaded (0ms)
		ExecutionOrderSort2 (0ms)
		AwakeInstancesAfterBackupRestoration (8ms)
Refreshing native plugins compatible for Editor in 3.44 ms, found 4 plugins.
Preloading 0 native plugins for Editor in 0.00 ms.
Unloading 14 Unused Serialized files (Serialized files now loaded: 0)
Unloading 5000 unused Assets / (3.3 MB). Loaded Objects now: 5590.
Memory consumption went from 120.8 MB to 117.6 MB.
Total: 7.722500 ms (FindLiveObjects: 0.374600 ms CreateObjectMapping: 0.305800 ms MarkObjects: 4.705500 ms  DeleteObjects: 2.335500 ms)

Prepare: number of updated asset objects reloaded= 0
Editor requested this worker to shutdown with reason: Scaling down because of idle timeout
AssetImportWorkerClient::OnTransportError - code=2 error=End of file
AssetImportWorker is now disconnected from the server
Process exiting
Exiting without the bug reporter. Application will terminate with return code 0