Using pre-set license
Built from 'trunk' branch; Version is '6000.0.9f1 (1490908003ac) revision 1347728'; Using compiler version '193933523'; Build Type 'Release'
OS: 'Windows 10  (10.0.19045) 64bit Professional' Language: 'tr' Physical Memory: 16225 MB
BatchMode: 1, IsHumanControllingUs: 0, StartBugReporterOnCrash: 0, Is64bit: 1, IsPro: 1

COMMAND LINE ARGUMENTS:
F:\GAME ENGINES\UNITY\Unity Hub\Versions\6000.0.9f1\Editor\Unity.exe
-adb2
-batchMode
-noUpm
-name
AssetImportWorker1
-projectPath
F:/PROJECTS/GITPROJECTS/WHOHASBIGGERCARD/WHOHASBIGGERCARD
-logFile
Logs/AssetImportWorker1.log
-srvPort
57315
-job-worker-count
5
-background-job-worker-count
8
-asset-garbage-collectors
1
Successfully changed project path to: F:/PROJECTS/GITPROJECTS/WHOHASBIGGERCARD/WHOHASBIGGERCARD
F:/PROJECTS/GITPROJECTS/WHOHASBIGGERCARD/WHOHASBIGGERCARD
[UnityMemory] Configuration Parameters - Can be set up in boot.config
    "memorysetup-bucket-allocator-granularity=16"
    "memorysetup-bucket-allocator-bucket-count=8"
    "memorysetup-bucket-allocator-block-size=33554432"
    "memorysetup-bucket-allocator-block-count=8"
    "memorysetup-main-allocator-block-size=16777216"
    "memorysetup-thread-allocator-block-size=16777216"
    "memorysetup-gfx-main-allocator-block-size=16777216"
    "memorysetup-gfx-thread-allocator-block-size=16777216"
    "memorysetup-cache-allocator-block-size=4194304"
    "memorysetup-typetree-allocator-block-size=2097152"
    "memorysetup-profiler-bucket-allocator-granularity=16"
    "memorysetup-profiler-bucket-allocator-bucket-count=8"
    "memorysetup-profiler-bucket-allocator-block-size=33554432"
    "memorysetup-profiler-bucket-allocator-block-count=8"
    "memorysetup-profiler-allocator-block-size=16777216"
    "memorysetup-profiler-editor-allocator-block-size=1048576"
    "memorysetup-temp-allocator-size-main=16777216"
    "memorysetup-job-temp-allocator-block-size=2097152"
    "memorysetup-job-temp-allocator-block-size-background=1048576"
    "memorysetup-job-temp-allocator-reduction-small-platforms=262144"
    "memorysetup-allocator-temp-initial-block-size-main=262144"
    "memorysetup-allocator-temp-initial-block-size-worker=262144"
    "memorysetup-temp-allocator-size-background-worker=32768"
    "memorysetup-temp-allocator-size-job-worker=262144"
    "memorysetup-temp-allocator-size-preload-manager=33554432"
    "memorysetup-temp-allocator-size-nav-mesh-worker=65536"
    "memorysetup-temp-allocator-size-audio-worker=65536"
    "memorysetup-temp-allocator-size-cloud-worker=32768"
    "memorysetup-temp-allocator-size-gi-baking-worker=262144"
    "memorysetup-temp-allocator-size-gi-baking-worker=262144"
    "memorysetup-temp-allocator-size-gi-baking-worker=262144"
    "memorysetup-temp-allocator-size-gi-baking-worker=262144"
    "memorysetup-temp-allocator-size-gi-baking-worker=262144"
    "memorysetup-temp-allocator-size-gfx=262144"
Player connection [26056]  Target information:

Player connection [26056]  * "[IP] 192.168.1.6 [Port] 0 [Flags] 2 [Guid] 2616353460 [EditorId] 2616353460 [Version] 1048832 [Id] WindowsEditor(7,SERKAN-PC) [Debug] 1 [PackageName] WindowsEditor [ProjectName] Editor" 

Player connection [26056]  * "[IP] 192.168.56.1 [Port] 0 [Flags] 2 [Guid] 2616353460 [EditorId] 2616353460 [Version] 1048832 [Id] WindowsEditor(7,SERKAN-PC) [Debug] 1 [PackageName] WindowsEditor [ProjectName] Editor" 

Player connection [26056] Host joined multi-casting on [225.0.0.222:54997]...
Player connection [26056] Host joined alternative multi-casting on [225.0.0.222:34997]...
JobSystem: Creating JobQueue using job-worker-count value 5
Library Redirect Path: Library/
[PhysX] Initialized MultithreadedTaskDispatcher with 6 workers.
Refreshing native plugins compatible for Editor in 3.98 ms, found 4 plugins.
Preloading 0 native plugins for Editor in 0.00 ms.
Initialize engine version: 6000.0.9f1 (1490908003ac)
[Subsystems] Discovering subsystems at path F:/GAME ENGINES/UNITY/Unity Hub/Versions/6000.0.9f1/Editor/Data/Resources/UnitySubsystems
[Subsystems] Discovering subsystems at path F:/PROJECTS/GITPROJECTS/WHOHASBIGGERCARD/WHOHASBIGGERCARD/Assets
GfxDevice: creating device client; kGfxThreadingModeNonThreaded
Direct3D:
    Version:  Direct3D 11.0 [level 11.1]
    Renderer: NVIDIA GeForce RTX 3070 (ID=0x2488)
    Vendor:   NVIDIA
    VRAM:     8018 MB
    Driver:   32.0.15.6070
Initialize mono
Mono path[0] = 'F:/GAME ENGINES/UNITY/Unity Hub/Versions/6000.0.9f1/Editor/Data/Managed'
Mono path[1] = 'F:/GAME ENGINES/UNITY/Unity Hub/Versions/6000.0.9f1/Editor/Data/MonoBleedingEdge/lib/mono/unityjit-win32'
Mono config path = 'F:/GAME ENGINES/UNITY/Unity Hub/Versions/6000.0.9f1/Editor/Data/MonoBleedingEdge/etc'
Using monoOptions --debugger-agent=transport=dt_socket,embedding=1,server=y,suspend=n,address=127.0.0.1:56104
Begin MonoManager ReloadAssembly
Registering precompiled unity dll's ...
Register platform support module: F:/GAME ENGINES/UNITY/Unity Hub/Versions/6000.0.9f1/Editor/Data/PlaybackEngines/WindowsStandaloneSupport/UnityEditor.WindowsStandalone.Extensions.dll
Register platform support module: F:/GAME ENGINES/UNITY/Unity Hub/Versions/6000.0.9f1/Editor/Data/PlaybackEngines/MetroSupport/UnityEditor.UWP.Extensions.dll
Register platform support module: F:/GAME ENGINES/UNITY/Unity Hub/Versions/6000.0.9f1/Editor/Data/PlaybackEngines/AndroidPlayer/UnityEditor.Android.Extensions.dll
Registered in 0.003107 seconds.
- Loaded All Assemblies, in  0.336 seconds
Native extension for Android target not found
Android Extension - Scanning For ADB Devices 221 ms
Native extension for UWP target not found
Native extension for WindowsStandalone target not found
Mono: successfully reloaded assembly
- Finished resetting the current domain, in  0.614 seconds
Domain Reload Profiling: 949ms
	BeginReloadAssembly (118ms)
		ExecutionOrderSort (0ms)
		DisableScriptedObjects (0ms)
		BackupInstance (0ms)
		ReleaseScriptingObjects (0ms)
		CreateAndSetChildDomain (1ms)
	RebuildCommonClasses (31ms)
	RebuildNativeTypeToScriptingClass (13ms)
	initialDomainReloadingComplete (42ms)
	LoadAllAssembliesAndSetupDomain (132ms)
		LoadAssemblies (118ms)
		RebuildTransferFunctionScriptingTraits (0ms)
		AnalyzeDomain (128ms)
			TypeCache.Refresh (127ms)
				TypeCache.ScanAssembly (115ms)
			BuildScriptInfoCaches (0ms)
			ResolveRequiredComponents (0ms)
	FinalizeReload (614ms)
		ReleaseScriptCaches (0ms)
		RebuildScriptCaches (0ms)
		SetupLoadedEditorAssemblies (577ms)
			LogAssemblyErrors (0ms)
			InitializePlatformSupportModulesInManaged (321ms)
			SetLoadedEditorAssemblies (4ms)
			BeforeProcessingInitializeOnLoad (5ms)
			ProcessInitializeOnLoadAttributes (104ms)
			ProcessInitializeOnLoadMethodAttributes (143ms)
			AfterProcessingInitializeOnLoad (0ms)
			EditorAssembliesLoaded (0ms)
		ExecutionOrderSort2 (0ms)
		AwakeInstancesAfterBackupRestoration (0ms)
========================================================================
Worker process is ready to serve import requests
Import Worker Mode flag is 0x00
Begin MonoManager ReloadAssembly
- Loaded All Assemblies, in  0.861 seconds
Refreshing native plugins compatible for Editor in 3.23 ms, found 4 plugins.
Native extension for Android target not found
Native extension for UWP target not found
Native extension for WindowsStandalone target not found
Mono: successfully reloaded assembly
Package Manager log level set to [2]
[Package Manager] Failed to launch server process. Reason: Unity was launched with the -noUpm command-line argument
[Package Manager] Unable to send message (not connected to server process).
[Package Manager] Cannot connect to Unity Package Manager local server
[Package Manager] Failed to launch server process. Reason: Unity was launched with the -noUpm command-line argument
[Package Manager] Unable to send message (not connected to server process).
[Package Manager] Cannot connect to Unity Package Manager local server
- Finished resetting the current domain, in  0.725 seconds
Domain Reload Profiling: 1586ms
	BeginReloadAssembly (343ms)
		ExecutionOrderSort (0ms)
		DisableScriptedObjects (5ms)
		BackupInstance (0ms)
		ReleaseScriptingObjects (0ms)
		CreateAndSetChildDomain (27ms)
	RebuildCommonClasses (30ms)
	RebuildNativeTypeToScriptingClass (15ms)
	initialDomainReloadingComplete (31ms)
	LoadAllAssembliesAndSetupDomain (441ms)
		LoadAssemblies (339ms)
		RebuildTransferFunctionScriptingTraits (0ms)
		AnalyzeDomain (208ms)
			TypeCache.Refresh (154ms)
				TypeCache.ScanAssembly (137ms)
			BuildScriptInfoCaches (47ms)
			ResolveRequiredComponents (4ms)
	FinalizeReload (726ms)
		ReleaseScriptCaches (0ms)
		RebuildScriptCaches (0ms)
		SetupLoadedEditorAssemblies (536ms)
			LogAssemblyErrors (0ms)
			InitializePlatformSupportModulesInManaged (15ms)
			SetLoadedEditorAssemblies (3ms)
			BeforeProcessingInitializeOnLoad (40ms)
			ProcessInitializeOnLoadAttributes (315ms)
			ProcessInitializeOnLoadMethodAttributes (161ms)
			AfterProcessingInitializeOnLoad (1ms)
			EditorAssembliesLoaded (0ms)
		ExecutionOrderSort2 (0ms)
		AwakeInstancesAfterBackupRestoration (5ms)
Launched and connected shader compiler UnityShaderCompiler.exe after 0.02 seconds
Refreshing native plugins compatible for Editor in 4.44 ms, found 4 plugins.
Preloading 0 native plugins for Editor in 0.00 ms.
Unloading 15 Unused Serialized files (Serialized files now loaded: 0)
Unloading 4968 unused Assets / (2.0 MB). Loaded Objects now: 5547.
Memory consumption went from 118.7 MB to 116.7 MB.
Total: 10.871700 ms (FindLiveObjects: 0.502400 ms CreateObjectMapping: 0.753300 ms MarkObjects: 7.195000 ms  DeleteObjects: 2.415000 ms)

========================================================================
Received Import Request.
  Time since last request: 12792.883370 seconds.
  path: Assets/Readme.asset
  artifactKey: Guid(7f2c382dc2c22446db59030979f6e495) Importer(815301076,1909f56bfc062723c751e8b465ee728b)
Start importing Assets/Readme.asset using Guid(7f2c382dc2c22446db59030979f6e495) Importer(815301076,1909f56bfc062723c751e8b465ee728b) (PreviewImporter)[PhysX] Initialized MultithreadedTaskDispatcher with 6 workers.
 -> (artifact id: '244eb9245ef379a30a587d13c498d14e') in 0.0260165 seconds
Number of updated asset objects reloaded before import = 0Number of asset objects unloaded after import = 2

========================================================================
Received Prepare
Begin MonoManager ReloadAssembly
- Loaded All Assemblies, in  0.649 seconds
Refreshing native plugins compatible for Editor in 2.28 ms, found 4 plugins.
Native extension for Android target not found
Native extension for UWP target not found
Native extension for WindowsStandalone target not found
Mono: successfully reloaded assembly
[Package Manager] Failed to launch server process. Reason: Unity was launched with the -noUpm command-line argument
[Package Manager] Unable to send message (not connected to server process).
[Package Manager] Cannot connect to Unity Package Manager local server
- Finished resetting the current domain, in  0.637 seconds
Domain Reload Profiling: 1287ms
	BeginReloadAssembly (175ms)
		ExecutionOrderSort (0ms)
		DisableScriptedObjects (10ms)
		BackupInstance (0ms)
		ReleaseScriptingObjects (0ms)
		CreateAndSetChildDomain (38ms)
	RebuildCommonClasses (28ms)
	RebuildNativeTypeToScriptingClass (10ms)
	initialDomainReloadingComplete (21ms)
	LoadAllAssembliesAndSetupDomain (416ms)
		LoadAssemblies (342ms)
		RebuildTransferFunctionScriptingTraits (0ms)
		AnalyzeDomain (171ms)
			TypeCache.Refresh (72ms)
				TypeCache.ScanAssembly (62ms)
			BuildScriptInfoCaches (92ms)
			ResolveRequiredComponents (4ms)
	FinalizeReload (637ms)
		ReleaseScriptCaches (0ms)
		RebuildScriptCaches (0ms)
		SetupLoadedEditorAssemblies (450ms)
			LogAssemblyErrors (0ms)
			InitializePlatformSupportModulesInManaged (15ms)
			SetLoadedEditorAssemblies (3ms)
			BeforeProcessingInitializeOnLoad (39ms)
			ProcessInitializeOnLoadAttributes (243ms)
			ProcessInitializeOnLoadMethodAttributes (149ms)
			AfterProcessingInitializeOnLoad (2ms)
			EditorAssembliesLoaded (0ms)
		ExecutionOrderSort2 (0ms)
		AwakeInstancesAfterBackupRestoration (5ms)
Shader 'TextMeshPro/Distance Field Overlay': fallback shader 'TextMeshPro/Mobile/Distance Field' not found
Shader 'TextMeshPro/Distance Field SSD': fallback shader 'TextMeshPro/Mobile/Distance Field' not found
Shader 'TextMeshPro/Distance Field': fallback shader 'TextMeshPro/Mobile/Distance Field' not found
Refreshing native plugins compatible for Editor in 2.48 ms, found 4 plugins.
Preloading 0 native plugins for Editor in 0.00 ms.
Unloading 13 Unused Serialized files (Serialized files now loaded: 0)
Unloading 4999 unused Assets / (2.5 MB). Loaded Objects now: 5576.
Memory consumption went from 120.3 MB to 117.8 MB.
Total: 7.850200 ms (FindLiveObjects: 0.388700 ms CreateObjectMapping: 0.372400 ms MarkObjects: 5.543000 ms  DeleteObjects: 1.544900 ms)

Prepare: number of updated asset objects reloaded= 0
========================================================================
Received Import Request.
  Time since last request: 69.687697 seconds.
  path: Assets/app-store2.png
  artifactKey: Guid(f6edb19b644930445b6117441bff9871) Importer(815301076,1909f56bfc062723c751e8b465ee728b)
Start importing Assets/app-store2.png using Guid(f6edb19b644930445b6117441bff9871) Importer(815301076,1909f56bfc062723c751e8b465ee728b) (PreviewImporter)[PhysX] Initialized MultithreadedTaskDispatcher with 6 workers.
[PhysX] Initialized MultithreadedTaskDispatcher with 6 workers.
 -> (artifact id: '106a96560c1534ba362413c4e70af457') in 0.0646331 seconds
Number of updated asset objects reloaded before import = 0Number of asset objects unloaded after import = 2

========================================================================
Received Import Request.
  Time since last request: 0.000016 seconds.
  path: Assets/Frame_ListFrame12_Purple.png
  artifactKey: Guid(51479bf6c15f2fb4b878e16cf21178d2) Importer(815301076,1909f56bfc062723c751e8b465ee728b)
Start importing Assets/Frame_ListFrame12_Purple.png using Guid(51479bf6c15f2fb4b878e16cf21178d2) Importer(815301076,1909f56bfc062723c751e8b465ee728b) (PreviewImporter)[PhysX] Initialized MultithreadedTaskDispatcher with 6 workers.
[PhysX] Initialized MultithreadedTaskDispatcher with 6 workers.
 -> (artifact id: '8520af305c536447d88866e009ee14f8') in 0.0286761 seconds
Number of updated asset objects reloaded before import = 0Number of asset objects unloaded after import = 3

========================================================================
Received Import Request.
  Time since last request: 0.000014 seconds.
  path: Assets/CardSprite3.png
  artifactKey: Guid(44c74c8a9b8643649993582f18811cc6) Importer(815301076,1909f56bfc062723c751e8b465ee728b)
Start importing Assets/CardSprite3.png using Guid(44c74c8a9b8643649993582f18811cc6) Importer(815301076,1909f56bfc062723c751e8b465ee728b) (PreviewImporter)[PhysX] Initialized MultithreadedTaskDispatcher with 6 workers.
[PhysX] Initialized MultithreadedTaskDispatcher with 6 workers.
 -> (artifact id: '54bf6f9a4bf76ba79cfcc75a304f0b47') in 0.0050439 seconds
Number of updated asset objects reloaded before import = 0Number of asset objects unloaded after import = 2

========================================================================
Received Import Request.
  Time since last request: 0.000016 seconds.
  path: Assets/Frame_ItemFrame01_Color_Red.png
  artifactKey: Guid(4cf67878ff9d9a54eade7cb44d47d581) Importer(815301076,1909f56bfc062723c751e8b465ee728b)
Start importing Assets/Frame_ItemFrame01_Color_Red.png using Guid(4cf67878ff9d9a54eade7cb44d47d581) Importer(815301076,1909f56bfc062723c751e8b465ee728b) (PreviewImporter)[PhysX] Initialized MultithreadedTaskDispatcher with 6 workers.
[PhysX] Initialized MultithreadedTaskDispatcher with 6 workers.
 -> (artifact id: '2568fad25eeeb3c05e405bda63037b09') in 0.0083215 seconds
Number of updated asset objects reloaded before import = 0Number of asset objects unloaded after import = 3

========================================================================
Received Import Request.
  Time since last request: 0.000021 seconds.
  path: Assets/Frame_ItemFrame01_Color_Brown.png
  artifactKey: Guid(3587f501ea1afae4da77e57c7184a91b) Importer(815301076,1909f56bfc062723c751e8b465ee728b)
Start importing Assets/Frame_ItemFrame01_Color_Brown.png using Guid(3587f501ea1afae4da77e57c7184a91b) Importer(815301076,1909f56bfc062723c751e8b465ee728b) (PreviewImporter)[PhysX] Initialized MultithreadedTaskDispatcher with 6 workers.
[PhysX] Initialized MultithreadedTaskDispatcher with 6 workers.
 -> (artifact id: '8a23237a7ee297e177f45dcc579eca31') in 0.0077973 seconds
Number of updated asset objects reloaded before import = 0Number of asset objects unloaded after import = 3

========================================================================
Received Import Request.
  Time since last request: 0.000013 seconds.
  path: Assets/Icon_Trophy.Png
  artifactKey: Guid(a399ee7b00698f04096de42e50ba832c) Importer(815301076,1909f56bfc062723c751e8b465ee728b)
Start importing Assets/Icon_Trophy.Png using Guid(a399ee7b00698f04096de42e50ba832c) Importer(815301076,1909f56bfc062723c751e8b465ee728b) (PreviewImporter)[PhysX] Initialized MultithreadedTaskDispatcher with 6 workers.
[PhysX] Initialized MultithreadedTaskDispatcher with 6 workers.
 -> (artifact id: 'e085d96df909b55f43446e7f6a933292') in 0.0500511 seconds
Number of updated asset objects reloaded before import = 0Number of asset objects unloaded after import = 3

========================================================================
Received Import Request.
  Time since last request: 0.000186 seconds.
  path: Assets/Frame_ItemFrame01_Color_Purple.png
  artifactKey: Guid(ddb5c46586379374e916b83eaef9c2cd) Importer(815301076,1909f56bfc062723c751e8b465ee728b)
Start importing Assets/Frame_ItemFrame01_Color_Purple.png using Guid(ddb5c46586379374e916b83eaef9c2cd) Importer(815301076,1909f56bfc062723c751e8b465ee728b) (PreviewImporter)[PhysX] Initialized MultithreadedTaskDispatcher with 6 workers.
[PhysX] Initialized MultithreadedTaskDispatcher with 6 workers.
 -> (artifact id: 'b073efcd49cd40a0fb968d14b9269422') in 0.0077896 seconds
Number of updated asset objects reloaded before import = 0Number of asset objects unloaded after import = 3

========================================================================
Received Import Request.
  Time since last request: 0.000025 seconds.
  path: Assets/cardback.png
  artifactKey: Guid(851cf5a867d90704f9807bf0d238f66a) Importer(815301076,1909f56bfc062723c751e8b465ee728b)
Start importing Assets/cardback.png using Guid(851cf5a867d90704f9807bf0d238f66a) Importer(815301076,1909f56bfc062723c751e8b465ee728b) (PreviewImporter)[PhysX] Initialized MultithreadedTaskDispatcher with 6 workers.
[PhysX] Initialized MultithreadedTaskDispatcher with 6 workers.
 -> (artifact id: 'e8de9c607add7b6d0c462aca34ce3fa3') in 0.0114355 seconds
Number of updated asset objects reloaded before import = 0Number of asset objects unloaded after import = 3

========================================================================
Received Import Request.
  Time since last request: 0.000014 seconds.
  path: Assets/Frame_ItemFrame01_Color_Green.png
  artifactKey: Guid(d5361e7a2b0dbe744aad976b9df14016) Importer(815301076,1909f56bfc062723c751e8b465ee728b)
Start importing Assets/Frame_ItemFrame01_Color_Green.png using Guid(d5361e7a2b0dbe744aad976b9df14016) Importer(815301076,1909f56bfc062723c751e8b465ee728b) (PreviewImporter)[PhysX] Initialized MultithreadedTaskDispatcher with 6 workers.
[PhysX] Initialized MultithreadedTaskDispatcher with 6 workers.
 -> (artifact id: '00a516cb82f6a14fd680c0a4beea38e9') in 0.0070488 seconds
Number of updated asset objects reloaded before import = 0Number of asset objects unloaded after import = 3

========================================================================
Received Import Request.
  Time since last request: 0.000012 seconds.
  path: Assets/Icon_Star_Red.Png
  artifactKey: Guid(64c4d8f7c3b8d2d469307448bbcbe84f) Importer(815301076,1909f56bfc062723c751e8b465ee728b)
Start importing Assets/Icon_Star_Red.Png using Guid(64c4d8f7c3b8d2d469307448bbcbe84f) Importer(815301076,1909f56bfc062723c751e8b465ee728b) (PreviewImporter)[PhysX] Initialized MultithreadedTaskDispatcher with 6 workers.
[PhysX] Initialized MultithreadedTaskDispatcher with 6 workers.
 -> (artifact id: '0d522ff30c8a306c4d1ad6ba5c079129') in 0.0063382 seconds
Number of updated asset objects reloaded before import = 0Number of asset objects unloaded after import = 3

========================================================================
Received Import Request.
  Time since last request: 0.000014 seconds.
  path: Assets/Game Scene.prefab
  artifactKey: Guid(b87a31924c6b4b149b82fb8fcc16877a) Importer(815301076,1909f56bfc062723c751e8b465ee728b)
Start importing Assets/Game Scene.prefab using Guid(b87a31924c6b4b149b82fb8fcc16877a) Importer(815301076,1909f56bfc062723c751e8b465ee728b) (PreviewImporter)[PhysX] Initialized MultithreadedTaskDispatcher with 6 workers.
 -> (artifact id: 'ef61e8b8e3255a5b607cfbd400a84e61') in 0.0312205 seconds
Number of updated asset objects reloaded before import = 0Number of asset objects unloaded after import = 192

========================================================================
Received Import Request.
  Time since last request: 0.000013 seconds.
  path: Assets/Frame_ItemFrame01_Color_Blue.png
  artifactKey: Guid(6afd94dbe38216745884232a5c3f7a58) Importer(815301076,1909f56bfc062723c751e8b465ee728b)
Start importing Assets/Frame_ItemFrame01_Color_Blue.png using Guid(6afd94dbe38216745884232a5c3f7a58) Importer(815301076,1909f56bfc062723c751e8b465ee728b) (PreviewImporter)[PhysX] Initialized MultithreadedTaskDispatcher with 6 workers.
[PhysX] Initialized MultithreadedTaskDispatcher with 6 workers.
 -> (artifact id: 'be85cbc0cff5032d6d1bf8816a90db05') in 0.0089996 seconds
Number of updated asset objects reloaded before import = 0Number of asset objects unloaded after import = 3

========================================================================
Received Import Request.
  Time since last request: 0.000014 seconds.
  path: Assets/left-arrow.png
  artifactKey: Guid(e6f4a3329ccc0394f9cdd487c32f9f6b) Importer(815301076,1909f56bfc062723c751e8b465ee728b)
Start importing Assets/left-arrow.png using Guid(e6f4a3329ccc0394f9cdd487c32f9f6b) Importer(815301076,1909f56bfc062723c751e8b465ee728b) (PreviewImporter)[PhysX] Initialized MultithreadedTaskDispatcher with 6 workers.
[PhysX] Initialized MultithreadedTaskDispatcher with 6 workers.
 -> (artifact id: 'd29bf5559f7f90c96c47241d78f67240') in 0.0377164 seconds
Number of updated asset objects reloaded before import = 0Number of asset objects unloaded after import = 3

========================================================================
Received Import Request.
  Time since last request: 0.000015 seconds.
  path: Assets/Frame_ItemFrame01_Color_Yellow.png
  artifactKey: Guid(5a56844fddc015741916630e84e05330) Importer(815301076,1909f56bfc062723c751e8b465ee728b)
Start importing Assets/Frame_ItemFrame01_Color_Yellow.png using Guid(5a56844fddc015741916630e84e05330) Importer(815301076,1909f56bfc062723c751e8b465ee728b) (PreviewImporter)[PhysX] Initialized MultithreadedTaskDispatcher with 6 workers.
[PhysX] Initialized MultithreadedTaskDispatcher with 6 workers.
 -> (artifact id: '7ad3483e25e75714235b7a513d020ccd') in 0.0159698 seconds
Number of updated asset objects reloaded before import = 0Number of asset objects unloaded after import = 3

========================================================================
Received Import Request.
  Time since last request: 0.000017 seconds.
  path: Assets/Icon_Star.Png
  artifactKey: Guid(8f98386551f71554f8e5fe7721acc808) Importer(815301076,1909f56bfc062723c751e8b465ee728b)
Start importing Assets/Icon_Star.Png using Guid(8f98386551f71554f8e5fe7721acc808) Importer(815301076,1909f56bfc062723c751e8b465ee728b) (PreviewImporter)[PhysX] Initialized MultithreadedTaskDispatcher with 6 workers.
[PhysX] Initialized MultithreadedTaskDispatcher with 6 workers.
 -> (artifact id: 'c0dd1cf89c45eaca8ac39dea83884c9a') in 0.0075765 seconds
Number of updated asset objects reloaded before import = 0Number of asset objects unloaded after import = 3

========================================================================
Received Prepare
Begin MonoManager ReloadAssembly
- Loaded All Assemblies, in  0.816 seconds
Refreshing native plugins compatible for Editor in 2.53 ms, found 4 plugins.
Assertion failed on expression: 'pred(*previous, *i)'
0x00007fffb9e65e6d (Unity) StackWalker::ShowCallstack
0x00007fffb9e75dc9 (Unity) PlatformStacktrace::GetStacktrace
0x00007fffbb0d823e (Unity) Stacktrace::GetStacktrace
0x00007fffbb67f7ff (Unity) DebugStringToFile
0x00007fffbb67f3ba (Unity) AssertImplementation
0x00007fffb9d17c93 (Unity) MonoScriptManager::CollectGarbageIn
0x00007fffb9d17948 (Unity) MonoScriptManager::CollectGarbage
0x00007fffb9d50c78 (Unity) MonoManager::FinalizeReload
0x00007fffbb27cd15 (Unity) ScriptingInitializer::FinalizeReload
0x00007fffbb2cc42f (Unity) AssetImportWorkerClient::ReloadScriptingDomain
0x00007fffbb2a5ffc (Unity) <lambda_94302c41bc55323db1fed16712a08587>::operator()
0x00007fffbb389c0e (Unity) asio::detail::completion_handler<core::mutable_function<void __cdecl(void)>,asio::io_context::basic_executor_type<std::allocator<void>,0> >::do_complete
0x00007fffbb37749a (Unity) asio::detail::win_iocp_io_context::do_one
0x00007fffbb378804 (Unity) asio::detail::win_iocp_io_context::run
0x00007fffbb38822c (Unity) IOService::Run
0x00007fffbb2d0216 (Unity) RunAssetImportWorkerClientV2
0x00007fffbb2d02db (Unity) RunAssetImporterV2
0x00007fffbaad500a (Unity) Application::InitializeProject
0x00007fffbb0e2615 (Unity) UnityMain
0x00007ff733c62fba (Unity) __scrt_common_main_seh
0x00007ff843f47374 (KERNEL32) BaseThreadInitThunk
0x00007ff84547cc91 (ntdll) RtlUserThreadStart

Assertion failed on expression: 'pred(*previous, *i)'
0x00007fffb9e65e6d (Unity) StackWalker::ShowCallstack
0x00007fffb9e75dc9 (Unity) PlatformStacktrace::GetStacktrace
0x00007fffbb0d823e (Unity) Stacktrace::GetStacktrace
0x00007fffbb67f7ff (Unity) DebugStringToFile
0x00007fffbb67f3ba (Unity) AssertImplementation
0x00007fffb9d17c93 (Unity) MonoScriptManager::CollectGarbageIn
0x00007fffb9d17948 (Unity) MonoScriptManager::CollectGarbage
0x00007fffb9d50c78 (Unity) MonoManager::FinalizeReload
0x00007fffbb27cd15 (Unity) ScriptingInitializer::FinalizeReload
0x00007fffbb2cc42f (Unity) AssetImportWorkerClient::ReloadScriptingDomain
0x00007fffbb2a5ffc (Unity) <lambda_94302c41bc55323db1fed16712a08587>::operator()
0x00007fffbb389c0e (Unity) asio::detail::completion_handler<core::mutable_function<void __cdecl(void)>,asio::io_context::basic_executor_type<std::allocator<void>,0> >::do_complete
0x00007fffbb37749a (Unity) asio::detail::win_iocp_io_context::do_one
0x00007fffbb378804 (Unity) asio::detail::win_iocp_io_context::run
0x00007fffbb38822c (Unity) IOService::Run
0x00007fffbb2d0216 (Unity) RunAssetImportWorkerClientV2
0x00007fffbb2d02db (Unity) RunAssetImporterV2
0x00007fffbaad500a (Unity) Application::InitializeProject
0x00007fffbb0e2615 (Unity) UnityMain
0x00007ff733c62fba (Unity) __scrt_common_main_seh
0x00007ff843f47374 (KERNEL32) BaseThreadInitThunk
0x00007ff84547cc91 (ntdll) RtlUserThreadStart

Assertion failed on expression: 'pred(*previous, *i)'
0x00007fffb9e65e6d (Unity) StackWalker::ShowCallstack
0x00007fffb9e75dc9 (Unity) PlatformStacktrace::GetStacktrace
0x00007fffbb0d823e (Unity) Stacktrace::GetStacktrace
0x00007fffbb67f7ff (Unity) DebugStringToFile
0x00007fffbb67f3ba (Unity) AssertImplementation
0x00007fffb9d17c93 (Unity) MonoScriptManager::CollectGarbageIn
0x00007fffb9d17948 (Unity) MonoScriptManager::CollectGarbage
0x00007fffb9d50c78 (Unity) MonoManager::FinalizeReload
0x00007fffbb27cd15 (Unity) ScriptingInitializer::FinalizeReload
0x00007fffbb2cc42f (Unity) AssetImportWorkerClient::ReloadScriptingDomain
0x00007fffbb2a5ffc (Unity) <lambda_94302c41bc55323db1fed16712a08587>::operator()
0x00007fffbb389c0e (Unity) asio::detail::completion_handler<core::mutable_function<void __cdecl(void)>,asio::io_context::basic_executor_type<std::allocator<void>,0> >::do_complete
0x00007fffbb37749a (Unity) asio::detail::win_iocp_io_context::do_one
0x00007fffbb378804 (Unity) asio::detail::win_iocp_io_context::run
0x00007fffbb38822c (Unity) IOService::Run
0x00007fffbb2d0216 (Unity) RunAssetImportWorkerClientV2
0x00007fffbb2d02db (Unity) RunAssetImporterV2
0x00007fffbaad500a (Unity) Application::InitializeProject
0x00007fffbb0e2615 (Unity) UnityMain
0x00007ff733c62fba (Unity) __scrt_common_main_seh
0x00007ff843f47374 (KERNEL32) BaseThreadInitThunk
0x00007ff84547cc91 (ntdll) RtlUserThreadStart

Assertion failed on expression: 'pred(*previous, *i)'
0x00007fffb9e65e6d (Unity) StackWalker::ShowCallstack
0x00007fffb9e75dc9 (Unity) PlatformStacktrace::GetStacktrace
0x00007fffbb0d823e (Unity) Stacktrace::GetStacktrace
0x00007fffbb67f7ff (Unity) DebugStringToFile
0x00007fffbb67f3ba (Unity) AssertImplementation
0x00007fffb9d17c93 (Unity) MonoScriptManager::CollectGarbageIn
0x00007fffb9d17948 (Unity) MonoScriptManager::CollectGarbage
0x00007fffb9d50c78 (Unity) MonoManager::FinalizeReload
0x00007fffbb27cd15 (Unity) ScriptingInitializer::FinalizeReload
0x00007fffbb2cc42f (Unity) AssetImportWorkerClient::ReloadScriptingDomain
0x00007fffbb2a5ffc (Unity) <lambda_94302c41bc55323db1fed16712a08587>::operator()
0x00007fffbb389c0e (Unity) asio::detail::completion_handler<core::mutable_function<void __cdecl(void)>,asio::io_context::basic_executor_type<std::allocator<void>,0> >::do_complete
0x00007fffbb37749a (Unity) asio::detail::win_iocp_io_context::do_one
0x00007fffbb378804 (Unity) asio::detail::win_iocp_io_context::run
0x00007fffbb38822c (Unity) IOService::Run
0x00007fffbb2d0216 (Unity) RunAssetImportWorkerClientV2
0x00007fffbb2d02db (Unity) RunAssetImporterV2
0x00007fffbaad500a (Unity) Application::InitializeProject
0x00007fffbb0e2615 (Unity) UnityMain
0x00007ff733c62fba (Unity) __scrt_common_main_seh
0x00007ff843f47374 (KERNEL32) BaseThreadInitThunk
0x00007ff84547cc91 (ntdll) RtlUserThreadStart

Assertion failed on expression: 'pred(*previous, *i)'
0x00007fffb9e65e6d (Unity) StackWalker::ShowCallstack
0x00007fffb9e75dc9 (Unity) PlatformStacktrace::GetStacktrace
0x00007fffbb0d823e (Unity) Stacktrace::GetStacktrace
0x00007fffbb67f7ff (Unity) DebugStringToFile
0x00007fffbb67f3ba (Unity) AssertImplementation
0x00007fffb9d17c93 (Unity) MonoScriptManager::CollectGarbageIn
0x00007fffb9d17948 (Unity) MonoScriptManager::CollectGarbage
0x00007fffb9d50c78 (Unity) MonoManager::FinalizeReload
0x00007fffbb27cd15 (Unity) ScriptingInitializer::FinalizeReload
0x00007fffbb2cc42f (Unity) AssetImportWorkerClient::ReloadScriptingDomain
0x00007fffbb2a5ffc (Unity) <lambda_94302c41bc55323db1fed16712a08587>::operator()
0x00007fffbb389c0e (Unity) asio::detail::completion_handler<core::mutable_function<void __cdecl(void)>,asio::io_context::basic_executor_type<std::allocator<void>,0> >::do_complete
0x00007fffbb37749a (Unity) asio::detail::win_iocp_io_context::do_one
0x00007fffbb378804 (Unity) asio::detail::win_iocp_io_context::run
0x00007fffbb38822c (Unity) IOService::Run
0x00007fffbb2d0216 (Unity) RunAssetImportWorkerClientV2
0x00007fffbb2d02db (Unity) RunAssetImporterV2
0x00007fffbaad500a (Unity) Application::InitializeProject
0x00007fffbb0e2615 (Unity) UnityMain
0x00007ff733c62fba (Unity) __scrt_common_main_seh
0x00007ff843f47374 (KERNEL32) BaseThreadInitThunk
0x00007ff84547cc91 (ntdll) RtlUserThreadStart

Assertion failed on expression: 'pred(*previous, *i)'
0x00007fffb9e65e6d (Unity) StackWalker::ShowCallstack
0x00007fffb9e75dc9 (Unity) PlatformStacktrace::GetStacktrace
0x00007fffbb0d823e (Unity) Stacktrace::GetStacktrace
0x00007fffbb67f7ff (Unity) DebugStringToFile
0x00007fffbb67f3ba (Unity) AssertImplementation
0x00007fffb9d17c93 (Unity) MonoScriptManager::CollectGarbageIn
0x00007fffb9d17948 (Unity) MonoScriptManager::CollectGarbage
0x00007fffb9d50c78 (Unity) MonoManager::FinalizeReload
0x00007fffbb27cd15 (Unity) ScriptingInitializer::FinalizeReload
0x00007fffbb2cc42f (Unity) AssetImportWorkerClient::ReloadScriptingDomain
0x00007fffbb2a5ffc (Unity) <lambda_94302c41bc55323db1fed16712a08587>::operator()
0x00007fffbb389c0e (Unity) asio::detail::completion_handler<core::mutable_function<void __cdecl(void)>,asio::io_context::basic_executor_type<std::allocator<void>,0> >::do_complete
0x00007fffbb37749a (Unity) asio::detail::win_iocp_io_context::do_one
0x00007fffbb378804 (Unity) asio::detail::win_iocp_io_context::run
0x00007fffbb38822c (Unity) IOService::Run
0x00007fffbb2d0216 (Unity) RunAssetImportWorkerClientV2
0x00007fffbb2d02db (Unity) RunAssetImporterV2
0x00007fffbaad500a (Unity) Application::InitializeProject
0x00007fffbb0e2615 (Unity) UnityMain
0x00007ff733c62fba (Unity) __scrt_common_main_seh
0x00007ff843f47374 (KERNEL32) BaseThreadInitThunk
0x00007ff84547cc91 (ntdll) RtlUserThreadStart

Assertion failed on expression: 'pred(*previous, *i)'
0x00007fffb9e65e6d (Unity) StackWalker::ShowCallstack
0x00007fffb9e75dc9 (Unity) PlatformStacktrace::GetStacktrace
0x00007fffbb0d823e (Unity) Stacktrace::GetStacktrace
0x00007fffbb67f7ff (Unity) DebugStringToFile
0x00007fffbb67f3ba (Unity) AssertImplementation
0x00007fffb9d17c93 (Unity) MonoScriptManager::CollectGarbageIn
0x00007fffb9d17948 (Unity) MonoScriptManager::CollectGarbage
0x00007fffb9d50c78 (Unity) MonoManager::FinalizeReload
0x00007fffbb27cd15 (Unity) ScriptingInitializer::FinalizeReload
0x00007fffbb2cc42f (Unity) AssetImportWorkerClient::ReloadScriptingDomain
0x00007fffbb2a5ffc (Unity) <lambda_94302c41bc55323db1fed16712a08587>::operator()
0x00007fffbb389c0e (Unity) asio::detail::completion_handler<core::mutable_function<void __cdecl(void)>,asio::io_context::basic_executor_type<std::allocator<void>,0> >::do_complete
0x00007fffbb37749a (Unity) asio::detail::win_iocp_io_context::do_one
0x00007fffbb378804 (Unity) asio::detail::win_iocp_io_context::run
0x00007fffbb38822c (Unity) IOService::Run
0x00007fffbb2d0216 (Unity) RunAssetImportWorkerClientV2
0x00007fffbb2d02db (Unity) RunAssetImporterV2
0x00007fffbaad500a (Unity) Application::InitializeProject
0x00007fffbb0e2615 (Unity) UnityMain
0x00007ff733c62fba (Unity) __scrt_common_main_seh
0x00007ff843f47374 (KERNEL32) BaseThreadInitThunk
0x00007ff84547cc91 (ntdll) RtlUserThreadStart

Assertion failed on expression: 'pred(*previous, *i)'
0x00007fffb9e65e6d (Unity) StackWalker::ShowCallstack
0x00007fffb9e75dc9 (Unity) PlatformStacktrace::GetStacktrace
0x00007fffbb0d823e (Unity) Stacktrace::GetStacktrace
0x00007fffbb67f7ff (Unity) DebugStringToFile
0x00007fffbb67f3ba (Unity) AssertImplementation
0x00007fffb9d17c93 (Unity) MonoScriptManager::CollectGarbageIn
0x00007fffb9d17948 (Unity) MonoScriptManager::CollectGarbage
0x00007fffb9d50c78 (Unity) MonoManager::FinalizeReload
0x00007fffbb27cd15 (Unity) ScriptingInitializer::FinalizeReload
0x00007fffbb2cc42f (Unity) AssetImportWorkerClient::ReloadScriptingDomain
0x00007fffbb2a5ffc (Unity) <lambda_94302c41bc55323db1fed16712a08587>::operator()
0x00007fffbb389c0e (Unity) asio::detail::completion_handler<core::mutable_function<void __cdecl(void)>,asio::io_context::basic_executor_type<std::allocator<void>,0> >::do_complete
0x00007fffbb37749a (Unity) asio::detail::win_iocp_io_context::do_one
0x00007fffbb378804 (Unity) asio::detail::win_iocp_io_context::run
0x00007fffbb38822c (Unity) IOService::Run
0x00007fffbb2d0216 (Unity) RunAssetImportWorkerClientV2
0x00007fffbb2d02db (Unity) RunAssetImporterV2
0x00007fffbaad500a (Unity) Application::InitializeProject
0x00007fffbb0e2615 (Unity) UnityMain
0x00007ff733c62fba (Unity) __scrt_common_main_seh
0x00007ff843f47374 (KERNEL32) BaseThreadInitThunk
0x00007ff84547cc91 (ntdll) RtlUserThreadStart

Assertion failed on expression: 'pred(*previous, *i)'
0x00007fffb9e65e6d (Unity) StackWalker::ShowCallstack
0x00007fffb9e75dc9 (Unity) PlatformStacktrace::GetStacktrace
0x00007fffbb0d823e (Unity) Stacktrace::GetStacktrace
0x00007fffbb67f7ff (Unity) DebugStringToFile
0x00007fffbb67f3ba (Unity) AssertImplementation
0x00007fffb9d17c93 (Unity) MonoScriptManager::CollectGarbageIn
0x00007fffb9d17948 (Unity) MonoScriptManager::CollectGarbage
0x00007fffb9d50c78 (Unity) MonoManager::FinalizeReload
0x00007fffbb27cd15 (Unity) ScriptingInitializer::FinalizeReload
0x00007fffbb2cc42f (Unity) AssetImportWorkerClient::ReloadScriptingDomain
0x00007fffbb2a5ffc (Unity) <lambda_94302c41bc55323db1fed16712a08587>::operator()
0x00007fffbb389c0e (Unity) asio::detail::completion_handler<core::mutable_function<void __cdecl(void)>,asio::io_context::basic_executor_type<std::allocator<void>,0> >::do_complete
0x00007fffbb37749a (Unity) asio::detail::win_iocp_io_context::do_one
0x00007fffbb378804 (Unity) asio::detail::win_iocp_io_context::run
0x00007fffbb38822c (Unity) IOService::Run
0x00007fffbb2d0216 (Unity) RunAssetImportWorkerClientV2
0x00007fffbb2d02db (Unity) RunAssetImporterV2
0x00007fffbaad500a (Unity) Application::InitializeProject
0x00007fffbb0e2615 (Unity) UnityMain
0x00007ff733c62fba (Unity) __scrt_common_main_seh
0x00007ff843f47374 (KERNEL32) BaseThreadInitThunk
0x00007ff84547cc91 (ntdll) RtlUserThreadStart

Assertion failed on expression: 'pred(*previous, *i)'
0x00007fffb9e65e6d (Unity) StackWalker::ShowCallstack
0x00007fffb9e75dc9 (Unity) PlatformStacktrace::GetStacktrace
0x00007fffbb0d823e (Unity) Stacktrace::GetStacktrace
0x00007fffbb67f7ff (Unity) DebugStringToFile
0x00007fffbb67f3ba (Unity) AssertImplementation
0x00007fffb9d17c93 (Unity) MonoScriptManager::CollectGarbageIn
0x00007fffb9d17948 (Unity) MonoScriptManager::CollectGarbage
0x00007fffb9d50c78 (Unity) MonoManager::FinalizeReload
0x00007fffbb27cd15 (Unity) ScriptingInitializer::FinalizeReload
0x00007fffbb2cc42f (Unity) AssetImportWorkerClient::ReloadScriptingDomain
0x00007fffbb2a5ffc (Unity) <lambda_94302c41bc55323db1fed16712a08587>::operator()
0x00007fffbb389c0e (Unity) asio::detail::completion_handler<core::mutable_function<void __cdecl(void)>,asio::io_context::basic_executor_type<std::allocator<void>,0> >::do_complete
0x00007fffbb37749a (Unity) asio::detail::win_iocp_io_context::do_one
0x00007fffbb378804 (Unity) asio::detail::win_iocp_io_context::run
0x00007fffbb38822c (Unity) IOService::Run
0x00007fffbb2d0216 (Unity) RunAssetImportWorkerClientV2
0x00007fffbb2d02db (Unity) RunAssetImporterV2
0x00007fffbaad500a (Unity) Application::InitializeProject
0x00007fffbb0e2615 (Unity) UnityMain
0x00007ff733c62fba (Unity) __scrt_common_main_seh
0x00007ff843f47374 (KERNEL32) BaseThreadInitThunk
0x00007ff84547cc91 (ntdll) RtlUserThreadStart

Assertion failed on expression: 'pred(*previous, *i)'
0x00007fffb9e65e6d (Unity) StackWalker::ShowCallstack
0x00007fffb9e75dc9 (Unity) PlatformStacktrace::GetStacktrace
0x00007fffbb0d823e (Unity) Stacktrace::GetStacktrace
0x00007fffbb67f7ff (Unity) DebugStringToFile
0x00007fffbb67f3ba (Unity) AssertImplementation
0x00007fffb9d17c93 (Unity) MonoScriptManager::CollectGarbageIn
0x00007fffb9d17948 (Unity) MonoScriptManager::CollectGarbage
0x00007fffb9d50c78 (Unity) MonoManager::FinalizeReload
0x00007fffbb27cd15 (Unity) ScriptingInitializer::FinalizeReload
0x00007fffbb2cc42f (Unity) AssetImportWorkerClient::ReloadScriptingDomain
0x00007fffbb2a5ffc (Unity) <lambda_94302c41bc55323db1fed16712a08587>::operator()
0x00007fffbb389c0e (Unity) asio::detail::completion_handler<core::mutable_function<void __cdecl(void)>,asio::io_context::basic_executor_type<std::allocator<void>,0> >::do_complete
0x00007fffbb37749a (Unity) asio::detail::win_iocp_io_context::do_one
0x00007fffbb378804 (Unity) asio::detail::win_iocp_io_context::run
0x00007fffbb38822c (Unity) IOService::Run
0x00007fffbb2d0216 (Unity) RunAssetImportWorkerClientV2
0x00007fffbb2d02db (Unity) RunAssetImporterV2
0x00007fffbaad500a (Unity) Application::InitializeProject
0x00007fffbb0e2615 (Unity) UnityMain
0x00007ff733c62fba (Unity) __scrt_common_main_seh
0x00007ff843f47374 (KERNEL32) BaseThreadInitThunk
0x00007ff84547cc91 (ntdll) RtlUserThreadStart

Assertion failed on expression: 'pred(*previous, *i)'
0x00007fffb9e65e6d (Unity) StackWalker::ShowCallstack
0x00007fffb9e75dc9 (Unity) PlatformStacktrace::GetStacktrace
0x00007fffbb0d823e (Unity) Stacktrace::GetStacktrace
0x00007fffbb67f7ff (Unity) DebugStringToFile
0x00007fffbb67f3ba (Unity) AssertImplementation
0x00007fffb9d17c93 (Unity) MonoScriptManager::CollectGarbageIn
0x00007fffb9d17948 (Unity) MonoScriptManager::CollectGarbage
0x00007fffb9d50c78 (Unity) MonoManager::FinalizeReload
0x00007fffbb27cd15 (Unity) ScriptingInitializer::FinalizeReload
0x00007fffbb2cc42f (Unity) AssetImportWorkerClient::ReloadScriptingDomain
0x00007fffbb2a5ffc (Unity) <lambda_94302c41bc55323db1fed16712a08587>::operator()
0x00007fffbb389c0e (Unity) asio::detail::completion_handler<core::mutable_function<void __cdecl(void)>,asio::io_context::basic_executor_type<std::allocator<void>,0> >::do_complete
0x00007fffbb37749a (Unity) asio::detail::win_iocp_io_context::do_one
0x00007fffbb378804 (Unity) asio::detail::win_iocp_io_context::run
0x00007fffbb38822c (Unity) IOService::Run
0x00007fffbb2d0216 (Unity) RunAssetImportWorkerClientV2
0x00007fffbb2d02db (Unity) RunAssetImporterV2
0x00007fffbaad500a (Unity) Application::InitializeProject
0x00007fffbb0e2615 (Unity) UnityMain
0x00007ff733c62fba (Unity) __scrt_common_main_seh
0x00007ff843f47374 (KERNEL32) BaseThreadInitThunk
0x00007ff84547cc91 (ntdll) RtlUserThreadStart

Assertion failed on expression: 'pred(*previous, *i)'
0x00007fffb9e65e6d (Unity) StackWalker::ShowCallstack
0x00007fffb9e75dc9 (Unity) PlatformStacktrace::GetStacktrace
0x00007fffbb0d823e (Unity) Stacktrace::GetStacktrace
0x00007fffbb67f7ff (Unity) DebugStringToFile
0x00007fffbb67f3ba (Unity) AssertImplementation
0x00007fffb9d17c93 (Unity) MonoScriptManager::CollectGarbageIn
0x00007fffb9d17948 (Unity) MonoScriptManager::CollectGarbage
0x00007fffb9d50c78 (Unity) MonoManager::FinalizeReload
0x00007fffbb27cd15 (Unity) ScriptingInitializer::FinalizeReload
0x00007fffbb2cc42f (Unity) AssetImportWorkerClient::ReloadScriptingDomain
0x00007fffbb2a5ffc (Unity) <lambda_94302c41bc55323db1fed16712a08587>::operator()
0x00007fffbb389c0e (Unity) asio::detail::completion_handler<core::mutable_function<void __cdecl(void)>,asio::io_context::basic_executor_type<std::allocator<void>,0> >::do_complete
0x00007fffbb37749a (Unity) asio::detail::win_iocp_io_context::do_one
0x00007fffbb378804 (Unity) asio::detail::win_iocp_io_context::run
0x00007fffbb38822c (Unity) IOService::Run
0x00007fffbb2d0216 (Unity) RunAssetImportWorkerClientV2
0x00007fffbb2d02db (Unity) RunAssetImporterV2
0x00007fffbaad500a (Unity) Application::InitializeProject
0x00007fffbb0e2615 (Unity) UnityMain
0x00007ff733c62fba (Unity) __scrt_common_main_seh
0x00007ff843f47374 (KERNEL32) BaseThreadInitThunk
0x00007ff84547cc91 (ntdll) RtlUserThreadStart

Assertion failed on expression: 'pred(*previous, *i)'
0x00007fffb9e65e6d (Unity) StackWalker::ShowCallstack
0x00007fffb9e75dc9 (Unity) PlatformStacktrace::GetStacktrace
0x00007fffbb0d823e (Unity) Stacktrace::GetStacktrace
0x00007fffbb67f7ff (Unity) DebugStringToFile
0x00007fffbb67f3ba (Unity) AssertImplementation
0x00007fffb9d17c93 (Unity) MonoScriptManager::CollectGarbageIn
0x00007fffb9d17948 (Unity) MonoScriptManager::CollectGarbage
0x00007fffb9d50c78 (Unity) MonoManager::FinalizeReload
0x00007fffbb27cd15 (Unity) ScriptingInitializer::FinalizeReload
0x00007fffbb2cc42f (Unity) AssetImportWorkerClient::ReloadScriptingDomain
0x00007fffbb2a5ffc (Unity) <lambda_94302c41bc55323db1fed16712a08587>::operator()
0x00007fffbb389c0e (Unity) asio::detail::completion_handler<core::mutable_function<void __cdecl(void)>,asio::io_context::basic_executor_type<std::allocator<void>,0> >::do_complete
0x00007fffbb37749a (Unity) asio::detail::win_iocp_io_context::do_one
0x00007fffbb378804 (Unity) asio::detail::win_iocp_io_context::run
0x00007fffbb38822c (Unity) IOService::Run
0x00007fffbb2d0216 (Unity) RunAssetImportWorkerClientV2
0x00007fffbb2d02db (Unity) RunAssetImporterV2
0x00007fffbaad500a (Unity) Application::InitializeProject
0x00007fffbb0e2615 (Unity) UnityMain
0x00007ff733c62fba (Unity) __scrt_common_main_seh
0x00007ff843f47374 (KERNEL32) BaseThreadInitThunk
0x00007ff84547cc91 (ntdll) RtlUserThreadStart

Assertion failed on expression: 'pred(*previous, *i)'
0x00007fffb9e65e6d (Unity) StackWalker::ShowCallstack
0x00007fffb9e75dc9 (Unity) PlatformStacktrace::GetStacktrace
0x00007fffbb0d823e (Unity) Stacktrace::GetStacktrace
0x00007fffbb67f7ff (Unity) DebugStringToFile
0x00007fffbb67f3ba (Unity) AssertImplementation
0x00007fffb9d17c93 (Unity) MonoScriptManager::CollectGarbageIn
0x00007fffb9d17948 (Unity) MonoScriptManager::CollectGarbage
0x00007fffb9d50c78 (Unity) MonoManager::FinalizeReload
0x00007fffbb27cd15 (Unity) ScriptingInitializer::FinalizeReload
0x00007fffbb2cc42f (Unity) AssetImportWorkerClient::ReloadScriptingDomain
0x00007fffbb2a5ffc (Unity) <lambda_94302c41bc55323db1fed16712a08587>::operator()
0x00007fffbb389c0e (Unity) asio::detail::completion_handler<core::mutable_function<void __cdecl(void)>,asio::io_context::basic_executor_type<std::allocator<void>,0> >::do_complete
0x00007fffbb37749a (Unity) asio::detail::win_iocp_io_context::do_one
0x00007fffbb378804 (Unity) asio::detail::win_iocp_io_context::run
0x00007fffbb38822c (Unity) IOService::Run
0x00007fffbb2d0216 (Unity) RunAssetImportWorkerClientV2
0x00007fffbb2d02db (Unity) RunAssetImporterV2
0x00007fffbaad500a (Unity) Application::InitializeProject
0x00007fffbb0e2615 (Unity) UnityMain
0x00007ff733c62fba (Unity) __scrt_common_main_seh
0x00007ff843f47374 (KERNEL32) BaseThreadInitThunk
0x00007ff84547cc91 (ntdll) RtlUserThreadStart

Assertion failed on expression: 'pred(*previous, *i)'
0x00007fffb9e65e6d (Unity) StackWalker::ShowCallstack
0x00007fffb9e75dc9 (Unity) PlatformStacktrace::GetStacktrace
0x00007fffbb0d823e (Unity) Stacktrace::GetStacktrace
0x00007fffbb67f7ff (Unity) DebugStringToFile
0x00007fffbb67f3ba (Unity) AssertImplementation
0x00007fffb9d17c93 (Unity) MonoScriptManager::CollectGarbageIn
0x00007fffb9d17948 (Unity) MonoScriptManager::CollectGarbage
0x00007fffb9d50c78 (Unity) MonoManager::FinalizeReload
0x00007fffbb27cd15 (Unity) ScriptingInitializer::FinalizeReload
0x00007fffbb2cc42f (Unity) AssetImportWorkerClient::ReloadScriptingDomain
0x00007fffbb2a5ffc (Unity) <lambda_94302c41bc55323db1fed16712a08587>::operator()
0x00007fffbb389c0e (Unity) asio::detail::completion_handler<core::mutable_function<void __cdecl(void)>,asio::io_context::basic_executor_type<std::allocator<void>,0> >::do_complete
0x00007fffbb37749a (Unity) asio::detail::win_iocp_io_context::do_one
0x00007fffbb378804 (Unity) asio::detail::win_iocp_io_context::run
0x00007fffbb38822c (Unity) IOService::Run
0x00007fffbb2d0216 (Unity) RunAssetImportWorkerClientV2
0x00007fffbb2d02db (Unity) RunAssetImporterV2
0x00007fffbaad500a (Unity) Application::InitializeProject
0x00007fffbb0e2615 (Unity) UnityMain
0x00007ff733c62fba (Unity) __scrt_common_main_seh
0x00007ff843f47374 (KERNEL32) BaseThreadInitThunk
0x00007ff84547cc91 (ntdll) RtlUserThreadStart

Assertion failed on expression: 'pred(*previous, *i)'
0x00007fffb9e65e6d (Unity) StackWalker::ShowCallstack
0x00007fffb9e75dc9 (Unity) PlatformStacktrace::GetStacktrace
0x00007fffbb0d823e (Unity) Stacktrace::GetStacktrace
0x00007fffbb67f7ff (Unity) DebugStringToFile
0x00007fffbb67f3ba (Unity) AssertImplementation
0x00007fffb9d17c93 (Unity) MonoScriptManager::CollectGarbageIn
0x00007fffb9d17948 (Unity) MonoScriptManager::CollectGarbage
0x00007fffb9d50c78 (Unity) MonoManager::FinalizeReload
0x00007fffbb27cd15 (Unity) ScriptingInitializer::FinalizeReload
0x00007fffbb2cc42f (Unity) AssetImportWorkerClient::ReloadScriptingDomain
0x00007fffbb2a5ffc (Unity) <lambda_94302c41bc55323db1fed16712a08587>::operator()
0x00007fffbb389c0e (Unity) asio::detail::completion_handler<core::mutable_function<void __cdecl(void)>,asio::io_context::basic_executor_type<std::allocator<void>,0> >::do_complete
0x00007fffbb37749a (Unity) asio::detail::win_iocp_io_context::do_one
0x00007fffbb378804 (Unity) asio::detail::win_iocp_io_context::run
0x00007fffbb38822c (Unity) IOService::Run
0x00007fffbb2d0216 (Unity) RunAssetImportWorkerClientV2
0x00007fffbb2d02db (Unity) RunAssetImporterV2
0x00007fffbaad500a (Unity) Application::InitializeProject
0x00007fffbb0e2615 (Unity) UnityMain
0x00007ff733c62fba (Unity) __scrt_common_main_seh
0x00007ff843f47374 (KERNEL32) BaseThreadInitThunk
0x00007ff84547cc91 (ntdll) RtlUserThreadStart

Assertion failed on expression: 'pred(*previous, *i)'
0x00007fffb9e65e6d (Unity) StackWalker::ShowCallstack
0x00007fffb9e75dc9 (Unity) PlatformStacktrace::GetStacktrace
0x00007fffbb0d823e (Unity) Stacktrace::GetStacktrace
0x00007fffbb67f7ff (Unity) DebugStringToFile
0x00007fffbb67f3ba (Unity) AssertImplementation
0x00007fffb9d17c93 (Unity) MonoScriptManager::CollectGarbageIn
0x00007fffb9d17948 (Unity) MonoScriptManager::CollectGarbage
0x00007fffb9d50c78 (Unity) MonoManager::FinalizeReload
0x00007fffbb27cd15 (Unity) ScriptingInitializer::FinalizeReload
0x00007fffbb2cc42f (Unity) AssetImportWorkerClient::ReloadScriptingDomain
0x00007fffbb2a5ffc (Unity) <lambda_94302c41bc55323db1fed16712a08587>::operator()
0x00007fffbb389c0e (Unity) asio::detail::completion_handler<core::mutable_function<void __cdecl(void)>,asio::io_context::basic_executor_type<std::allocator<void>,0> >::do_complete
0x00007fffbb37749a (Unity) asio::detail::win_iocp_io_context::do_one
0x00007fffbb378804 (Unity) asio::detail::win_iocp_io_context::run
0x00007fffbb38822c (Unity) IOService::Run
0x00007fffbb2d0216 (Unity) RunAssetImportWorkerClientV2
0x00007fffbb2d02db (Unity) RunAssetImporterV2
0x00007fffbaad500a (Unity) Application::InitializeProject
0x00007fffbb0e2615 (Unity) UnityMain
0x00007ff733c62fba (Unity) __scrt_common_main_seh
0x00007ff843f47374 (KERNEL32) BaseThreadInitThunk
0x00007ff84547cc91 (ntdll) RtlUserThreadStart

Native extension for Android target not found
Native extension for UWP target not found
Native extension for WindowsStandalone target not found
Mono: successfully reloaded assembly
[Package Manager] Failed to launch server process. Reason: Unity was launched with the -noUpm command-line argument
[Package Manager] Unable to send message (not connected to server process).
[Package Manager] Cannot connect to Unity Package Manager local server
- Finished resetting the current domain, in  1.372 seconds
Domain Reload Profiling: 2189ms
	BeginReloadAssembly (230ms)
		ExecutionOrderSort (0ms)
		DisableScriptedObjects (21ms)
		BackupInstance (0ms)
		ReleaseScriptingObjects (0ms)
		CreateAndSetChildDomain (49ms)
	RebuildCommonClasses (35ms)
	RebuildNativeTypeToScriptingClass (13ms)
	initialDomainReloadingComplete (28ms)
	LoadAllAssembliesAndSetupDomain (511ms)
		LoadAssemblies (399ms)
		RebuildTransferFunctionScriptingTraits (0ms)
		AnalyzeDomain (231ms)
			TypeCache.Refresh (115ms)
				TypeCache.ScanAssembly (100ms)
			BuildScriptInfoCaches (107ms)
			ResolveRequiredComponents (5ms)
	FinalizeReload (1373ms)
		ReleaseScriptCaches (0ms)
		RebuildScriptCaches (0ms)
		SetupLoadedEditorAssemblies (481ms)
			LogAssemblyErrors (0ms)
			InitializePlatformSupportModulesInManaged (15ms)
			SetLoadedEditorAssemblies (3ms)
			BeforeProcessingInitializeOnLoad (38ms)
			ProcessInitializeOnLoadAttributes (260ms)
			ProcessInitializeOnLoadMethodAttributes (162ms)
			AfterProcessingInitializeOnLoad (2ms)
			EditorAssembliesLoaded (0ms)
		ExecutionOrderSort2 (0ms)
		AwakeInstancesAfterBackupRestoration (6ms)
Refreshing native plugins compatible for Editor in 4.85 ms, found 4 plugins.
Preloading 0 native plugins for Editor in 0.00 ms.
Unloading 13 Unused Serialized files (Serialized files now loaded: 0)
Unloading 4999 unused Assets / (2.9 MB). Loaded Objects now: 5589.
Memory consumption went from 120.6 MB to 117.7 MB.
Total: 10.157000 ms (FindLiveObjects: 0.479400 ms CreateObjectMapping: 0.587000 ms MarkObjects: 6.803900 ms  DeleteObjects: 2.284800 ms)

Prepare: number of updated asset objects reloaded= 0
========================================================================
Received Prepare
Begin MonoManager ReloadAssembly
- Loaded All Assemblies, in  0.621 seconds
Refreshing native plugins compatible for Editor in 2.30 ms, found 4 plugins.
Assertion failed on expression: 'pred(*previous, *i)'
0x00007fffb9e65e6d (Unity) StackWalker::ShowCallstack
0x00007fffb9e75dc9 (Unity) PlatformStacktrace::GetStacktrace
0x00007fffbb0d823e (Unity) Stacktrace::GetStacktrace
0x00007fffbb67f7ff (Unity) DebugStringToFile
0x00007fffbb67f3ba (Unity) AssertImplementation
0x00007fffb9d17c93 (Unity) MonoScriptManager::CollectGarbageIn
0x00007fffb9d17948 (Unity) MonoScriptManager::CollectGarbage
0x00007fffb9d50c78 (Unity) MonoManager::FinalizeReload
0x00007fffbb27cd15 (Unity) ScriptingInitializer::FinalizeReload
0x00007fffbb2cc42f (Unity) AssetImportWorkerClient::ReloadScriptingDomain
0x00007fffbb2a5ffc (Unity) <lambda_94302c41bc55323db1fed16712a08587>::operator()
0x00007fffbb389c0e (Unity) asio::detail::completion_handler<core::mutable_function<void __cdecl(void)>,asio::io_context::basic_executor_type<std::allocator<void>,0> >::do_complete
0x00007fffbb37749a (Unity) asio::detail::win_iocp_io_context::do_one
0x00007fffbb378804 (Unity) asio::detail::win_iocp_io_context::run
0x00007fffbb38822c (Unity) IOService::Run
0x00007fffbb2d0216 (Unity) RunAssetImportWorkerClientV2
0x00007fffbb2d02db (Unity) RunAssetImporterV2
0x00007fffbaad500a (Unity) Application::InitializeProject
0x00007fffbb0e2615 (Unity) UnityMain
0x00007ff733c62fba (Unity) __scrt_common_main_seh
0x00007ff843f47374 (KERNEL32) BaseThreadInitThunk
0x00007ff84547cc91 (ntdll) RtlUserThreadStart

Assertion failed on expression: 'pred(*previous, *i)'
0x00007fffb9e65e6d (Unity) StackWalker::ShowCallstack
0x00007fffb9e75dc9 (Unity) PlatformStacktrace::GetStacktrace
0x00007fffbb0d823e (Unity) Stacktrace::GetStacktrace
0x00007fffbb67f7ff (Unity) DebugStringToFile
0x00007fffbb67f3ba (Unity) AssertImplementation
0x00007fffb9d17c93 (Unity) MonoScriptManager::CollectGarbageIn
0x00007fffb9d17948 (Unity) MonoScriptManager::CollectGarbage
0x00007fffb9d50c78 (Unity) MonoManager::FinalizeReload
0x00007fffbb27cd15 (Unity) ScriptingInitializer::FinalizeReload
0x00007fffbb2cc42f (Unity) AssetImportWorkerClient::ReloadScriptingDomain
0x00007fffbb2a5ffc (Unity) <lambda_94302c41bc55323db1fed16712a08587>::operator()
0x00007fffbb389c0e (Unity) asio::detail::completion_handler<core::mutable_function<void __cdecl(void)>,asio::io_context::basic_executor_type<std::allocator<void>,0> >::do_complete
0x00007fffbb37749a (Unity) asio::detail::win_iocp_io_context::do_one
0x00007fffbb378804 (Unity) asio::detail::win_iocp_io_context::run
0x00007fffbb38822c (Unity) IOService::Run
0x00007fffbb2d0216 (Unity) RunAssetImportWorkerClientV2
0x00007fffbb2d02db (Unity) RunAssetImporterV2
0x00007fffbaad500a (Unity) Application::InitializeProject
0x00007fffbb0e2615 (Unity) UnityMain
0x00007ff733c62fba (Unity) __scrt_common_main_seh
0x00007ff843f47374 (KERNEL32) BaseThreadInitThunk
0x00007ff84547cc91 (ntdll) RtlUserThreadStart

Assertion failed on expression: 'pred(*previous, *i)'
0x00007fffb9e65e6d (Unity) StackWalker::ShowCallstack
0x00007fffb9e75dc9 (Unity) PlatformStacktrace::GetStacktrace
0x00007fffbb0d823e (Unity) Stacktrace::GetStacktrace
0x00007fffbb67f7ff (Unity) DebugStringToFile
0x00007fffbb67f3ba (Unity) AssertImplementation
0x00007fffb9d17c93 (Unity) MonoScriptManager::CollectGarbageIn
0x00007fffb9d17948 (Unity) MonoScriptManager::CollectGarbage
0x00007fffb9d50c78 (Unity) MonoManager::FinalizeReload
0x00007fffbb27cd15 (Unity) ScriptingInitializer::FinalizeReload
0x00007fffbb2cc42f (Unity) AssetImportWorkerClient::ReloadScriptingDomain
0x00007fffbb2a5ffc (Unity) <lambda_94302c41bc55323db1fed16712a08587>::operator()
0x00007fffbb389c0e (Unity) asio::detail::completion_handler<core::mutable_function<void __cdecl(void)>,asio::io_context::basic_executor_type<std::allocator<void>,0> >::do_complete
0x00007fffbb37749a (Unity) asio::detail::win_iocp_io_context::do_one
0x00007fffbb378804 (Unity) asio::detail::win_iocp_io_context::run
0x00007fffbb38822c (Unity) IOService::Run
0x00007fffbb2d0216 (Unity) RunAssetImportWorkerClientV2
0x00007fffbb2d02db (Unity) RunAssetImporterV2
0x00007fffbaad500a (Unity) Application::InitializeProject
0x00007fffbb0e2615 (Unity) UnityMain
0x00007ff733c62fba (Unity) __scrt_common_main_seh
0x00007ff843f47374 (KERNEL32) BaseThreadInitThunk
0x00007ff84547cc91 (ntdll) RtlUserThreadStart

Assertion failed on expression: 'pred(*previous, *i)'
0x00007fffb9e65e6d (Unity) StackWalker::ShowCallstack
0x00007fffb9e75dc9 (Unity) PlatformStacktrace::GetStacktrace
0x00007fffbb0d823e (Unity) Stacktrace::GetStacktrace
0x00007fffbb67f7ff (Unity) DebugStringToFile
0x00007fffbb67f3ba (Unity) AssertImplementation
0x00007fffb9d17c93 (Unity) MonoScriptManager::CollectGarbageIn
0x00007fffb9d17948 (Unity) MonoScriptManager::CollectGarbage
0x00007fffb9d50c78 (Unity) MonoManager::FinalizeReload
0x00007fffbb27cd15 (Unity) ScriptingInitializer::FinalizeReload
0x00007fffbb2cc42f (Unity) AssetImportWorkerClient::ReloadScriptingDomain
0x00007fffbb2a5ffc (Unity) <lambda_94302c41bc55323db1fed16712a08587>::operator()
0x00007fffbb389c0e (Unity) asio::detail::completion_handler<core::mutable_function<void __cdecl(void)>,asio::io_context::basic_executor_type<std::allocator<void>,0> >::do_complete
0x00007fffbb37749a (Unity) asio::detail::win_iocp_io_context::do_one
0x00007fffbb378804 (Unity) asio::detail::win_iocp_io_context::run
0x00007fffbb38822c (Unity) IOService::Run
0x00007fffbb2d0216 (Unity) RunAssetImportWorkerClientV2
0x00007fffbb2d02db (Unity) RunAssetImporterV2
0x00007fffbaad500a (Unity) Application::InitializeProject
0x00007fffbb0e2615 (Unity) UnityMain
0x00007ff733c62fba (Unity) __scrt_common_main_seh
0x00007ff843f47374 (KERNEL32) BaseThreadInitThunk
0x00007ff84547cc91 (ntdll) RtlUserThreadStart

Assertion failed on expression: 'pred(*previous, *i)'
0x00007fffb9e65e6d (Unity) StackWalker::ShowCallstack
0x00007fffb9e75dc9 (Unity) PlatformStacktrace::GetStacktrace
0x00007fffbb0d823e (Unity) Stacktrace::GetStacktrace
0x00007fffbb67f7ff (Unity) DebugStringToFile
0x00007fffbb67f3ba (Unity) AssertImplementation
0x00007fffb9d17c93 (Unity) MonoScriptManager::CollectGarbageIn
0x00007fffb9d17948 (Unity) MonoScriptManager::CollectGarbage
0x00007fffb9d50c78 (Unity) MonoManager::FinalizeReload
0x00007fffbb27cd15 (Unity) ScriptingInitializer::FinalizeReload
0x00007fffbb2cc42f (Unity) AssetImportWorkerClient::ReloadScriptingDomain
0x00007fffbb2a5ffc (Unity) <lambda_94302c41bc55323db1fed16712a08587>::operator()
0x00007fffbb389c0e (Unity) asio::detail::completion_handler<core::mutable_function<void __cdecl(void)>,asio::io_context::basic_executor_type<std::allocator<void>,0> >::do_complete
0x00007fffbb37749a (Unity) asio::detail::win_iocp_io_context::do_one
0x00007fffbb378804 (Unity) asio::detail::win_iocp_io_context::run
0x00007fffbb38822c (Unity) IOService::Run
0x00007fffbb2d0216 (Unity) RunAssetImportWorkerClientV2
0x00007fffbb2d02db (Unity) RunAssetImporterV2
0x00007fffbaad500a (Unity) Application::InitializeProject
0x00007fffbb0e2615 (Unity) UnityMain
0x00007ff733c62fba (Unity) __scrt_common_main_seh
0x00007ff843f47374 (KERNEL32) BaseThreadInitThunk
0x00007ff84547cc91 (ntdll) RtlUserThreadStart

Assertion failed on expression: 'pred(*previous, *i)'
0x00007fffb9e65e6d (Unity) StackWalker::ShowCallstack
0x00007fffb9e75dc9 (Unity) PlatformStacktrace::GetStacktrace
0x00007fffbb0d823e (Unity) Stacktrace::GetStacktrace
0x00007fffbb67f7ff (Unity) DebugStringToFile
0x00007fffbb67f3ba (Unity) AssertImplementation
0x00007fffb9d17c93 (Unity) MonoScriptManager::CollectGarbageIn
0x00007fffb9d17948 (Unity) MonoScriptManager::CollectGarbage
0x00007fffb9d50c78 (Unity) MonoManager::FinalizeReload
0x00007fffbb27cd15 (Unity) ScriptingInitializer::FinalizeReload
0x00007fffbb2cc42f (Unity) AssetImportWorkerClient::ReloadScriptingDomain
0x00007fffbb2a5ffc (Unity) <lambda_94302c41bc55323db1fed16712a08587>::operator()
0x00007fffbb389c0e (Unity) asio::detail::completion_handler<core::mutable_function<void __cdecl(void)>,asio::io_context::basic_executor_type<std::allocator<void>,0> >::do_complete
0x00007fffbb37749a (Unity) asio::detail::win_iocp_io_context::do_one
0x00007fffbb378804 (Unity) asio::detail::win_iocp_io_context::run
0x00007fffbb38822c (Unity) IOService::Run
0x00007fffbb2d0216 (Unity) RunAssetImportWorkerClientV2
0x00007fffbb2d02db (Unity) RunAssetImporterV2
0x00007fffbaad500a (Unity) Application::InitializeProject
0x00007fffbb0e2615 (Unity) UnityMain
0x00007ff733c62fba (Unity) __scrt_common_main_seh
0x00007ff843f47374 (KERNEL32) BaseThreadInitThunk
0x00007ff84547cc91 (ntdll) RtlUserThreadStart

Assertion failed on expression: 'pred(*previous, *i)'
0x00007fffb9e65e6d (Unity) StackWalker::ShowCallstack
0x00007fffb9e75dc9 (Unity) PlatformStacktrace::GetStacktrace
0x00007fffbb0d823e (Unity) Stacktrace::GetStacktrace
0x00007fffbb67f7ff (Unity) DebugStringToFile
0x00007fffbb67f3ba (Unity) AssertImplementation
0x00007fffb9d17c93 (Unity) MonoScriptManager::CollectGarbageIn
0x00007fffb9d17948 (Unity) MonoScriptManager::CollectGarbage
0x00007fffb9d50c78 (Unity) MonoManager::FinalizeReload
0x00007fffbb27cd15 (Unity) ScriptingInitializer::FinalizeReload
0x00007fffbb2cc42f (Unity) AssetImportWorkerClient::ReloadScriptingDomain
0x00007fffbb2a5ffc (Unity) <lambda_94302c41bc55323db1fed16712a08587>::operator()
0x00007fffbb389c0e (Unity) asio::detail::completion_handler<core::mutable_function<void __cdecl(void)>,asio::io_context::basic_executor_type<std::allocator<void>,0> >::do_complete
0x00007fffbb37749a (Unity) asio::detail::win_iocp_io_context::do_one
0x00007fffbb378804 (Unity) asio::detail::win_iocp_io_context::run
0x00007fffbb38822c (Unity) IOService::Run
0x00007fffbb2d0216 (Unity) RunAssetImportWorkerClientV2
0x00007fffbb2d02db (Unity) RunAssetImporterV2
0x00007fffbaad500a (Unity) Application::InitializeProject
0x00007fffbb0e2615 (Unity) UnityMain
0x00007ff733c62fba (Unity) __scrt_common_main_seh
0x00007ff843f47374 (KERNEL32) BaseThreadInitThunk
0x00007ff84547cc91 (ntdll) RtlUserThreadStart

Assertion failed on expression: 'pred(*previous, *i)'
0x00007fffb9e65e6d (Unity) StackWalker::ShowCallstack
0x00007fffb9e75dc9 (Unity) PlatformStacktrace::GetStacktrace
0x00007fffbb0d823e (Unity) Stacktrace::GetStacktrace
0x00007fffbb67f7ff (Unity) DebugStringToFile
0x00007fffbb67f3ba (Unity) AssertImplementation
0x00007fffb9d17c93 (Unity) MonoScriptManager::CollectGarbageIn
0x00007fffb9d17948 (Unity) MonoScriptManager::CollectGarbage
0x00007fffb9d50c78 (Unity) MonoManager::FinalizeReload
0x00007fffbb27cd15 (Unity) ScriptingInitializer::FinalizeReload
0x00007fffbb2cc42f (Unity) AssetImportWorkerClient::ReloadScriptingDomain
0x00007fffbb2a5ffc (Unity) <lambda_94302c41bc55323db1fed16712a08587>::operator()
0x00007fffbb389c0e (Unity) asio::detail::completion_handler<core::mutable_function<void __cdecl(void)>,asio::io_context::basic_executor_type<std::allocator<void>,0> >::do_complete
0x00007fffbb37749a (Unity) asio::detail::win_iocp_io_context::do_one
0x00007fffbb378804 (Unity) asio::detail::win_iocp_io_context::run
0x00007fffbb38822c (Unity) IOService::Run
0x00007fffbb2d0216 (Unity) RunAssetImportWorkerClientV2
0x00007fffbb2d02db (Unity) RunAssetImporterV2
0x00007fffbaad500a (Unity) Application::InitializeProject
0x00007fffbb0e2615 (Unity) UnityMain
0x00007ff733c62fba (Unity) __scrt_common_main_seh
0x00007ff843f47374 (KERNEL32) BaseThreadInitThunk
0x00007ff84547cc91 (ntdll) RtlUserThreadStart

Assertion failed on expression: 'pred(*previous, *i)'
0x00007fffb9e65e6d (Unity) StackWalker::ShowCallstack
0x00007fffb9e75dc9 (Unity) PlatformStacktrace::GetStacktrace
0x00007fffbb0d823e (Unity) Stacktrace::GetStacktrace
0x00007fffbb67f7ff (Unity) DebugStringToFile
0x00007fffbb67f3ba (Unity) AssertImplementation
0x00007fffb9d17c93 (Unity) MonoScriptManager::CollectGarbageIn
0x00007fffb9d17948 (Unity) MonoScriptManager::CollectGarbage
0x00007fffb9d50c78 (Unity) MonoManager::FinalizeReload
0x00007fffbb27cd15 (Unity) ScriptingInitializer::FinalizeReload
0x00007fffbb2cc42f (Unity) AssetImportWorkerClient::ReloadScriptingDomain
0x00007fffbb2a5ffc (Unity) <lambda_94302c41bc55323db1fed16712a08587>::operator()
0x00007fffbb389c0e (Unity) asio::detail::completion_handler<core::mutable_function<void __cdecl(void)>,asio::io_context::basic_executor_type<std::allocator<void>,0> >::do_complete
0x00007fffbb37749a (Unity) asio::detail::win_iocp_io_context::do_one
0x00007fffbb378804 (Unity) asio::detail::win_iocp_io_context::run
0x00007fffbb38822c (Unity) IOService::Run
0x00007fffbb2d0216 (Unity) RunAssetImportWorkerClientV2
0x00007fffbb2d02db (Unity) RunAssetImporterV2
0x00007fffbaad500a (Unity) Application::InitializeProject
0x00007fffbb0e2615 (Unity) UnityMain
0x00007ff733c62fba (Unity) __scrt_common_main_seh
0x00007ff843f47374 (KERNEL32) BaseThreadInitThunk
0x00007ff84547cc91 (ntdll) RtlUserThreadStart

Assertion failed on expression: 'pred(*previous, *i)'
0x00007fffb9e65e6d (Unity) StackWalker::ShowCallstack
0x00007fffb9e75dc9 (Unity) PlatformStacktrace::GetStacktrace
0x00007fffbb0d823e (Unity) Stacktrace::GetStacktrace
0x00007fffbb67f7ff (Unity) DebugStringToFile
0x00007fffbb67f3ba (Unity) AssertImplementation
0x00007fffb9d17c93 (Unity) MonoScriptManager::CollectGarbageIn
0x00007fffb9d17948 (Unity) MonoScriptManager::CollectGarbage
0x00007fffb9d50c78 (Unity) MonoManager::FinalizeReload
0x00007fffbb27cd15 (Unity) ScriptingInitializer::FinalizeReload
0x00007fffbb2cc42f (Unity) AssetImportWorkerClient::ReloadScriptingDomain
0x00007fffbb2a5ffc (Unity) <lambda_94302c41bc55323db1fed16712a08587>::operator()
0x00007fffbb389c0e (Unity) asio::detail::completion_handler<core::mutable_function<void __cdecl(void)>,asio::io_context::basic_executor_type<std::allocator<void>,0> >::do_complete
0x00007fffbb37749a (Unity) asio::detail::win_iocp_io_context::do_one
0x00007fffbb378804 (Unity) asio::detail::win_iocp_io_context::run
0x00007fffbb38822c (Unity) IOService::Run
0x00007fffbb2d0216 (Unity) RunAssetImportWorkerClientV2
0x00007fffbb2d02db (Unity) RunAssetImporterV2
0x00007fffbaad500a (Unity) Application::InitializeProject
0x00007fffbb0e2615 (Unity) UnityMain
0x00007ff733c62fba (Unity) __scrt_common_main_seh
0x00007ff843f47374 (KERNEL32) BaseThreadInitThunk
0x00007ff84547cc91 (ntdll) RtlUserThreadStart

Assertion failed on expression: 'pred(*previous, *i)'
0x00007fffb9e65e6d (Unity) StackWalker::ShowCallstack
0x00007fffb9e75dc9 (Unity) PlatformStacktrace::GetStacktrace
0x00007fffbb0d823e (Unity) Stacktrace::GetStacktrace
0x00007fffbb67f7ff (Unity) DebugStringToFile
0x00007fffbb67f3ba (Unity) AssertImplementation
0x00007fffb9d17c93 (Unity) MonoScriptManager::CollectGarbageIn
0x00007fffb9d17948 (Unity) MonoScriptManager::CollectGarbage
0x00007fffb9d50c78 (Unity) MonoManager::FinalizeReload
0x00007fffbb27cd15 (Unity) ScriptingInitializer::FinalizeReload
0x00007fffbb2cc42f (Unity) AssetImportWorkerClient::ReloadScriptingDomain
0x00007fffbb2a5ffc (Unity) <lambda_94302c41bc55323db1fed16712a08587>::operator()
0x00007fffbb389c0e (Unity) asio::detail::completion_handler<core::mutable_function<void __cdecl(void)>,asio::io_context::basic_executor_type<std::allocator<void>,0> >::do_complete
0x00007fffbb37749a (Unity) asio::detail::win_iocp_io_context::do_one
0x00007fffbb378804 (Unity) asio::detail::win_iocp_io_context::run
0x00007fffbb38822c (Unity) IOService::Run
0x00007fffbb2d0216 (Unity) RunAssetImportWorkerClientV2
0x00007fffbb2d02db (Unity) RunAssetImporterV2
0x00007fffbaad500a (Unity) Application::InitializeProject
0x00007fffbb0e2615 (Unity) UnityMain
0x00007ff733c62fba (Unity) __scrt_common_main_seh
0x00007ff843f47374 (KERNEL32) BaseThreadInitThunk
0x00007ff84547cc91 (ntdll) RtlUserThreadStart

Assertion failed on expression: 'pred(*previous, *i)'
0x00007fffb9e65e6d (Unity) StackWalker::ShowCallstack
0x00007fffb9e75dc9 (Unity) PlatformStacktrace::GetStacktrace
0x00007fffbb0d823e (Unity) Stacktrace::GetStacktrace
0x00007fffbb67f7ff (Unity) DebugStringToFile
0x00007fffbb67f3ba (Unity) AssertImplementation
0x00007fffb9d17c93 (Unity) MonoScriptManager::CollectGarbageIn
0x00007fffb9d17948 (Unity) MonoScriptManager::CollectGarbage
0x00007fffb9d50c78 (Unity) MonoManager::FinalizeReload
0x00007fffbb27cd15 (Unity) ScriptingInitializer::FinalizeReload
0x00007fffbb2cc42f (Unity) AssetImportWorkerClient::ReloadScriptingDomain
0x00007fffbb2a5ffc (Unity) <lambda_94302c41bc55323db1fed16712a08587>::operator()
0x00007fffbb389c0e (Unity) asio::detail::completion_handler<core::mutable_function<void __cdecl(void)>,asio::io_context::basic_executor_type<std::allocator<void>,0> >::do_complete
0x00007fffbb37749a (Unity) asio::detail::win_iocp_io_context::do_one
0x00007fffbb378804 (Unity) asio::detail::win_iocp_io_context::run
0x00007fffbb38822c (Unity) IOService::Run
0x00007fffbb2d0216 (Unity) RunAssetImportWorkerClientV2
0x00007fffbb2d02db (Unity) RunAssetImporterV2
0x00007fffbaad500a (Unity) Application::InitializeProject
0x00007fffbb0e2615 (Unity) UnityMain
0x00007ff733c62fba (Unity) __scrt_common_main_seh
0x00007ff843f47374 (KERNEL32) BaseThreadInitThunk
0x00007ff84547cc91 (ntdll) RtlUserThreadStart

Assertion failed on expression: 'pred(*previous, *i)'
0x00007fffb9e65e6d (Unity) StackWalker::ShowCallstack
0x00007fffb9e75dc9 (Unity) PlatformStacktrace::GetStacktrace
0x00007fffbb0d823e (Unity) Stacktrace::GetStacktrace
0x00007fffbb67f7ff (Unity) DebugStringToFile
0x00007fffbb67f3ba (Unity) AssertImplementation
0x00007fffb9d17c93 (Unity) MonoScriptManager::CollectGarbageIn
0x00007fffb9d17948 (Unity) MonoScriptManager::CollectGarbage
0x00007fffb9d50c78 (Unity) MonoManager::FinalizeReload
0x00007fffbb27cd15 (Unity) ScriptingInitializer::FinalizeReload
0x00007fffbb2cc42f (Unity) AssetImportWorkerClient::ReloadScriptingDomain
0x00007fffbb2a5ffc (Unity) <lambda_94302c41bc55323db1fed16712a08587>::operator()
0x00007fffbb389c0e (Unity) asio::detail::completion_handler<core::mutable_function<void __cdecl(void)>,asio::io_context::basic_executor_type<std::allocator<void>,0> >::do_complete
0x00007fffbb37749a (Unity) asio::detail::win_iocp_io_context::do_one
0x00007fffbb378804 (Unity) asio::detail::win_iocp_io_context::run
0x00007fffbb38822c (Unity) IOService::Run
0x00007fffbb2d0216 (Unity) RunAssetImportWorkerClientV2
0x00007fffbb2d02db (Unity) RunAssetImporterV2
0x00007fffbaad500a (Unity) Application::InitializeProject
0x00007fffbb0e2615 (Unity) UnityMain
0x00007ff733c62fba (Unity) __scrt_common_main_seh
0x00007ff843f47374 (KERNEL32) BaseThreadInitThunk
0x00007ff84547cc91 (ntdll) RtlUserThreadStart

Assertion failed on expression: 'pred(*previous, *i)'
0x00007fffb9e65e6d (Unity) StackWalker::ShowCallstack
0x00007fffb9e75dc9 (Unity) PlatformStacktrace::GetStacktrace
0x00007fffbb0d823e (Unity) Stacktrace::GetStacktrace
0x00007fffbb67f7ff (Unity) DebugStringToFile
0x00007fffbb67f3ba (Unity) AssertImplementation
0x00007fffb9d17c93 (Unity) MonoScriptManager::CollectGarbageIn
0x00007fffb9d17948 (Unity) MonoScriptManager::CollectGarbage
0x00007fffb9d50c78 (Unity) MonoManager::FinalizeReload
0x00007fffbb27cd15 (Unity) ScriptingInitializer::FinalizeReload
0x00007fffbb2cc42f (Unity) AssetImportWorkerClient::ReloadScriptingDomain
0x00007fffbb2a5ffc (Unity) <lambda_94302c41bc55323db1fed16712a08587>::operator()
0x00007fffbb389c0e (Unity) asio::detail::completion_handler<core::mutable_function<void __cdecl(void)>,asio::io_context::basic_executor_type<std::allocator<void>,0> >::do_complete
0x00007fffbb37749a (Unity) asio::detail::win_iocp_io_context::do_one
0x00007fffbb378804 (Unity) asio::detail::win_iocp_io_context::run
0x00007fffbb38822c (Unity) IOService::Run
0x00007fffbb2d0216 (Unity) RunAssetImportWorkerClientV2
0x00007fffbb2d02db (Unity) RunAssetImporterV2
0x00007fffbaad500a (Unity) Application::InitializeProject
0x00007fffbb0e2615 (Unity) UnityMain
0x00007ff733c62fba (Unity) __scrt_common_main_seh
0x00007ff843f47374 (KERNEL32) BaseThreadInitThunk
0x00007ff84547cc91 (ntdll) RtlUserThreadStart

Assertion failed on expression: 'pred(*previous, *i)'
0x00007fffb9e65e6d (Unity) StackWalker::ShowCallstack
0x00007fffb9e75dc9 (Unity) PlatformStacktrace::GetStacktrace
0x00007fffbb0d823e (Unity) Stacktrace::GetStacktrace
0x00007fffbb67f7ff (Unity) DebugStringToFile
0x00007fffbb67f3ba (Unity) AssertImplementation
0x00007fffb9d17c93 (Unity) MonoScriptManager::CollectGarbageIn
0x00007fffb9d17948 (Unity) MonoScriptManager::CollectGarbage
0x00007fffb9d50c78 (Unity) MonoManager::FinalizeReload
0x00007fffbb27cd15 (Unity) ScriptingInitializer::FinalizeReload
0x00007fffbb2cc42f (Unity) AssetImportWorkerClient::ReloadScriptingDomain
0x00007fffbb2a5ffc (Unity) <lambda_94302c41bc55323db1fed16712a08587>::operator()
0x00007fffbb389c0e (Unity) asio::detail::completion_handler<core::mutable_function<void __cdecl(void)>,asio::io_context::basic_executor_type<std::allocator<void>,0> >::do_complete
0x00007fffbb37749a (Unity) asio::detail::win_iocp_io_context::do_one
0x00007fffbb378804 (Unity) asio::detail::win_iocp_io_context::run
0x00007fffbb38822c (Unity) IOService::Run
0x00007fffbb2d0216 (Unity) RunAssetImportWorkerClientV2
0x00007fffbb2d02db (Unity) RunAssetImporterV2
0x00007fffbaad500a (Unity) Application::InitializeProject
0x00007fffbb0e2615 (Unity) UnityMain
0x00007ff733c62fba (Unity) __scrt_common_main_seh
0x00007ff843f47374 (KERNEL32) BaseThreadInitThunk
0x00007ff84547cc91 (ntdll) RtlUserThreadStart

Assertion failed on expression: 'pred(*previous, *i)'
0x00007fffb9e65e6d (Unity) StackWalker::ShowCallstack
0x00007fffb9e75dc9 (Unity) PlatformStacktrace::GetStacktrace
0x00007fffbb0d823e (Unity) Stacktrace::GetStacktrace
0x00007fffbb67f7ff (Unity) DebugStringToFile
0x00007fffbb67f3ba (Unity) AssertImplementation
0x00007fffb9d17c93 (Unity) MonoScriptManager::CollectGarbageIn
0x00007fffb9d17948 (Unity) MonoScriptManager::CollectGarbage
0x00007fffb9d50c78 (Unity) MonoManager::FinalizeReload
0x00007fffbb27cd15 (Unity) ScriptingInitializer::FinalizeReload
0x00007fffbb2cc42f (Unity) AssetImportWorkerClient::ReloadScriptingDomain
0x00007fffbb2a5ffc (Unity) <lambda_94302c41bc55323db1fed16712a08587>::operator()
0x00007fffbb389c0e (Unity) asio::detail::completion_handler<core::mutable_function<void __cdecl(void)>,asio::io_context::basic_executor_type<std::allocator<void>,0> >::do_complete
0x00007fffbb37749a (Unity) asio::detail::win_iocp_io_context::do_one
0x00007fffbb378804 (Unity) asio::detail::win_iocp_io_context::run
0x00007fffbb38822c (Unity) IOService::Run
0x00007fffbb2d0216 (Unity) RunAssetImportWorkerClientV2
0x00007fffbb2d02db (Unity) RunAssetImporterV2
0x00007fffbaad500a (Unity) Application::InitializeProject
0x00007fffbb0e2615 (Unity) UnityMain
0x00007ff733c62fba (Unity) __scrt_common_main_seh
0x00007ff843f47374 (KERNEL32) BaseThreadInitThunk
0x00007ff84547cc91 (ntdll) RtlUserThreadStart

Assertion failed on expression: 'pred(*previous, *i)'
0x00007fffb9e65e6d (Unity) StackWalker::ShowCallstack
0x00007fffb9e75dc9 (Unity) PlatformStacktrace::GetStacktrace
0x00007fffbb0d823e (Unity) Stacktrace::GetStacktrace
0x00007fffbb67f7ff (Unity) DebugStringToFile
0x00007fffbb67f3ba (Unity) AssertImplementation
0x00007fffb9d17c93 (Unity) MonoScriptManager::CollectGarbageIn
0x00007fffb9d17948 (Unity) MonoScriptManager::CollectGarbage
0x00007fffb9d50c78 (Unity) MonoManager::FinalizeReload
0x00007fffbb27cd15 (Unity) ScriptingInitializer::FinalizeReload
0x00007fffbb2cc42f (Unity) AssetImportWorkerClient::ReloadScriptingDomain
0x00007fffbb2a5ffc (Unity) <lambda_94302c41bc55323db1fed16712a08587>::operator()
0x00007fffbb389c0e (Unity) asio::detail::completion_handler<core::mutable_function<void __cdecl(void)>,asio::io_context::basic_executor_type<std::allocator<void>,0> >::do_complete
0x00007fffbb37749a (Unity) asio::detail::win_iocp_io_context::do_one
0x00007fffbb378804 (Unity) asio::detail::win_iocp_io_context::run
0x00007fffbb38822c (Unity) IOService::Run
0x00007fffbb2d0216 (Unity) RunAssetImportWorkerClientV2
0x00007fffbb2d02db (Unity) RunAssetImporterV2
0x00007fffbaad500a (Unity) Application::InitializeProject
0x00007fffbb0e2615 (Unity) UnityMain
0x00007ff733c62fba (Unity) __scrt_common_main_seh
0x00007ff843f47374 (KERNEL32) BaseThreadInitThunk
0x00007ff84547cc91 (ntdll) RtlUserThreadStart

Assertion failed on expression: 'pred(*previous, *i)'
0x00007fffb9e65e6d (Unity) StackWalker::ShowCallstack
0x00007fffb9e75dc9 (Unity) PlatformStacktrace::GetStacktrace
0x00007fffbb0d823e (Unity) Stacktrace::GetStacktrace
0x00007fffbb67f7ff (Unity) DebugStringToFile
0x00007fffbb67f3ba (Unity) AssertImplementation
0x00007fffb9d17c93 (Unity) MonoScriptManager::CollectGarbageIn
0x00007fffb9d17948 (Unity) MonoScriptManager::CollectGarbage
0x00007fffb9d50c78 (Unity) MonoManager::FinalizeReload
0x00007fffbb27cd15 (Unity) ScriptingInitializer::FinalizeReload
0x00007fffbb2cc42f (Unity) AssetImportWorkerClient::ReloadScriptingDomain
0x00007fffbb2a5ffc (Unity) <lambda_94302c41bc55323db1fed16712a08587>::operator()
0x00007fffbb389c0e (Unity) asio::detail::completion_handler<core::mutable_function<void __cdecl(void)>,asio::io_context::basic_executor_type<std::allocator<void>,0> >::do_complete
0x00007fffbb37749a (Unity) asio::detail::win_iocp_io_context::do_one
0x00007fffbb378804 (Unity) asio::detail::win_iocp_io_context::run
0x00007fffbb38822c (Unity) IOService::Run
0x00007fffbb2d0216 (Unity) RunAssetImportWorkerClientV2
0x00007fffbb2d02db (Unity) RunAssetImporterV2
0x00007fffbaad500a (Unity) Application::InitializeProject
0x00007fffbb0e2615 (Unity) UnityMain
0x00007ff733c62fba (Unity) __scrt_common_main_seh
0x00007ff843f47374 (KERNEL32) BaseThreadInitThunk
0x00007ff84547cc91 (ntdll) RtlUserThreadStart

Native extension for Android target not found
Native extension for UWP target not found
Native extension for WindowsStandalone target not found
Mono: successfully reloaded assembly
[Package Manager] Failed to launch server process. Reason: Unity was launched with the -noUpm command-line argument
[Package Manager] Unable to send message (not connected to server process).
[Package Manager] Cannot connect to Unity Package Manager local server
- Finished resetting the current domain, in  0.808 seconds
Domain Reload Profiling: 1430ms
	BeginReloadAssembly (191ms)
		ExecutionOrderSort (0ms)
		DisableScriptedObjects (9ms)
		BackupInstance (0ms)
		ReleaseScriptingObjects (0ms)
		CreateAndSetChildDomain (41ms)
	RebuildCommonClasses (29ms)
	RebuildNativeTypeToScriptingClass (15ms)
	initialDomainReloadingComplete (20ms)
	LoadAllAssembliesAndSetupDomain (367ms)
		LoadAssemblies (331ms)
		RebuildTransferFunctionScriptingTraits (0ms)
		AnalyzeDomain (144ms)
			TypeCache.Refresh (7ms)
				TypeCache.ScanAssembly (0ms)
			BuildScriptInfoCaches (131ms)
			ResolveRequiredComponents (4ms)
	FinalizeReload (808ms)
		ReleaseScriptCaches (0ms)
		RebuildScriptCaches (0ms)
		SetupLoadedEditorAssemblies (575ms)
			LogAssemblyErrors (0ms)
			InitializePlatformSupportModulesInManaged (16ms)
			SetLoadedEditorAssemblies (4ms)
			BeforeProcessingInitializeOnLoad (43ms)
			ProcessInitializeOnLoadAttributes (300ms)
			ProcessInitializeOnLoadMethodAttributes (210ms)
			AfterProcessingInitializeOnLoad (2ms)
			EditorAssembliesLoaded (0ms)
		ExecutionOrderSort2 (0ms)
		AwakeInstancesAfterBackupRestoration (6ms)
Refreshing native plugins compatible for Editor in 6.32 ms, found 4 plugins.
Preloading 0 native plugins for Editor in 0.00 ms.
Unloading 14 Unused Serialized files (Serialized files now loaded: 0)
Unloading 5000 unused Assets / (2.7 MB). Loaded Objects now: 5591.
Memory consumption went from 120.9 MB to 118.2 MB.
Total: 11.758200 ms (FindLiveObjects: 0.657400 ms CreateObjectMapping: 0.657900 ms MarkObjects: 7.525400 ms  DeleteObjects: 2.915700 ms)

Prepare: number of updated asset objects reloaded= 0
